2021-03-13 08:44:05,517 :: client/client.py:43 :: INFO :: Done with config initialization
2021-03-13 08:44:11,582 :: /mnt/d/SocketProg/PyTorrent/client/p2p.py:91 :: INFO :: Started server successfully at address: ('127.0.1.1', 10810)
2021-03-13 08:44:21,638 :: /mnt/d/SocketProg/PyTorrent/client/main_serv.py:92 :: INFO :: Sent HB packet
2021-03-13 08:44:21,686 :: /mnt/d/SocketProg/PyTorrent/client/main_serv.py:103 :: INFO :: received reply to HB
2021-03-13 08:44:31,725 :: /mnt/d/SocketProg/PyTorrent/client/main_serv.py:92 :: INFO :: Sent HB packet
2021-03-13 08:44:31,725 :: /mnt/d/SocketProg/PyTorrent/client/main_serv.py:103 :: INFO :: received reply to HB
2021-03-13 09:35:09,553 :: client/client.py:44 :: INFO :: Done with config initialization
2021-03-13 09:35:11,569 :: /mnt/d/SocketProg/PyTorrent/client/p2p.py:91 :: INFO :: Started server successfully at address: ('127.0.1.1', 10810)
2021-03-13 09:35:21,602 :: /mnt/d/SocketProg/PyTorrent/client/main_serv.py:125 :: INFO :: Sent HB packet
2021-03-13 09:35:21,642 :: /mnt/d/SocketProg/PyTorrent/client/main_serv.py:136 :: INFO :: received reply to HB
2021-03-13 09:35:31,720 :: /mnt/d/SocketProg/PyTorrent/client/main_serv.py:125 :: INFO :: Sent HB packet
2021-03-13 09:35:31,763 :: /mnt/d/SocketProg/PyTorrent/client/main_serv.py:136 :: INFO :: received reply to HB
2021-03-13 09:36:47,570 :: client/client.py:44 :: INFO :: Done with config initialization
2021-03-13 09:36:47,578 :: /mnt/d/SocketProg/PyTorrent/client/p2p.py:91 :: INFO :: Started server successfully at address: ('127.0.1.1', 10810)
2021-03-13 09:36:57,627 :: /mnt/d/SocketProg/PyTorrent/client/main_serv.py:125 :: INFO :: Sent HB packet
2021-03-13 09:36:57,676 :: /mnt/d/SocketProg/PyTorrent/client/main_serv.py:136 :: INFO :: received reply to HB
2021-03-13 09:37:49,825 :: client/client.py:44 :: INFO :: Done with config initialization
2021-03-13 09:37:49,833 :: /mnt/d/SocketProg/PyTorrent/client/p2p.py:91 :: INFO :: Started server successfully at address: ('127.0.1.1', 10810)
2021-03-13 09:38:44,253 :: /mnt/d/SocketProg/PyTorrent/client/main_serv.py:84 :: INFO :: server connection broken, client shutdown initiated
2021-03-13 09:38:44,285 :: client/client.py:71 :: ERROR :: Connection to server lost, client exiting..
2021-03-13 09:38:44,285 :: /mnt/d/SocketProg/PyTorrent/client/p2p.py:110 :: INFO :: Server listen set to close
2021-03-13 09:38:44,285 :: client/client.py:84 :: INFO :: input thread joined
2021-03-13 09:38:44,989 :: client/client.py:86 :: INFO :: my server joined
2021-03-13 09:41:44,614 :: client/client.py:44 :: INFO :: Done with config initialization
2021-03-13 09:41:44,627 :: /mnt/d/SocketProg/PyTorrent/client/p2p.py:91 :: INFO :: Started server successfully at address: ('127.0.1.1', 10810)
2021-03-13 09:41:57,588 :: client/client.py:44 :: INFO :: Done with config initialization
2021-03-13 09:41:57,596 :: /mnt/d/SocketProg/PyTorrent/client/p2p.py:91 :: INFO :: Started server successfully at address: ('127.0.1.1', 10810)
2021-03-13 09:42:50,174 :: /mnt/d/SocketProg/PyTorrent/client/main_serv.py:84 :: INFO :: server connection broken, client shutdown initiated
2021-03-13 09:42:50,206 :: client/client.py:71 :: ERROR :: Connection to server lost, client exiting..
2021-03-13 09:42:50,206 :: /mnt/d/SocketProg/PyTorrent/client/p2p.py:110 :: INFO :: Server listen set to close
2021-03-13 09:42:50,206 :: client/client.py:84 :: INFO :: input thread joined
2021-03-13 09:42:50,658 :: client/client.py:86 :: INFO :: my server joined
2021-03-13 09:47:41,039 :: client/client.py:44 :: INFO :: Done with config initialization
2021-03-13 09:47:41,047 :: /mnt/d/SocketProg/PyTorrent/client/p2p.py:91 :: INFO :: Started server successfully at address: ('127.0.1.1', 10810)
2021-03-13 09:47:51,110 :: /mnt/d/SocketProg/PyTorrent/client/main_serv.py:126 :: INFO :: Sent HB packet
2021-03-13 09:47:51,154 :: /mnt/d/SocketProg/PyTorrent/client/main_serv.py:137 :: INFO :: received reply to HB
2021-03-13 09:48:01,223 :: /mnt/d/SocketProg/PyTorrent/client/main_serv.py:126 :: INFO :: Sent HB packet
2021-03-13 09:48:01,255 :: /mnt/d/SocketProg/PyTorrent/client/main_serv.py:137 :: INFO :: received reply to HB
2021-03-13 09:48:35,169 :: client/client.py:44 :: INFO :: Done with config initialization
2021-03-13 09:48:37,183 :: /mnt/d/SocketProg/PyTorrent/client/p2p.py:91 :: INFO :: Started server successfully at address: ('127.0.1.1', 10810)
2021-03-13 09:48:42,961 :: /mnt/d/SocketProg/PyTorrent/client/p2p.py:43 :: INFO :: Sent data: b'\x00\x00\x00' to ('127.0.1.1', 35111)
2021-03-13 09:48:43,453 :: /mnt/d/SocketProg/PyTorrent/client/p2p.py:51 :: INFO :: Sent ACK for seq: 0
2021-03-13 09:48:43,477 :: /mnt/d/SocketProg/PyTorrent/client/p2p.py:43 :: INFO :: Sent data: b'\x00\x01' to ('127.0.1.1', 35111)
2021-03-13 09:48:43,577 :: /mnt/d/SocketProg/PyTorrent/client/p2p.py:51 :: INFO :: Sent ACK for seq: 1
2021-03-13 09:48:43,617 :: /mnt/d/SocketProg/PyTorrent/client/p2p.py:43 :: INFO :: Sent data: b'\x01\x01' to ('127.0.1.1', 35111)
2021-03-13 09:48:44,997 :: /mnt/d/SocketProg/PyTorrent/client/p2p.py:51 :: INFO :: Sent ACK for seq: 2
2021-03-13 09:48:45,021 :: /mnt/d/SocketProg/PyTorrent/client/p2p.py:43 :: INFO :: Sent data: b'\x02\x01' to ('127.0.1.1', 35111)
2021-03-13 09:48:45,137 :: /mnt/d/SocketProg/PyTorrent/client/p2p.py:51 :: INFO :: Sent ACK for seq: 3
2021-03-13 09:48:45,181 :: /mnt/d/SocketProg/PyTorrent/client/p2p.py:43 :: INFO :: Sent data: b'\x03\x01' to ('127.0.1.1', 35111)
2021-03-13 09:48:46,599 :: /mnt/d/SocketProg/PyTorrent/client/p2p.py:51 :: INFO :: Sent ACK for seq: 0
2021-03-13 09:48:46,647 :: /mnt/d/SocketProg/PyTorrent/client/p2p.py:43 :: INFO :: Sent data: b'\x00\x01' to ('127.0.1.1', 35111)
2021-03-13 09:48:46,765 :: /mnt/d/SocketProg/PyTorrent/client/p2p.py:51 :: INFO :: Sent ACK for seq: 1
2021-03-13 09:48:46,814 :: /mnt/d/SocketProg/PyTorrent/client/p2p.py:43 :: INFO :: Sent data: b'\x01\x01' to ('127.0.1.1', 35111)
2021-03-13 09:48:48,274 :: /mnt/d/SocketProg/PyTorrent/client/p2p.py:51 :: INFO :: Sent ACK for seq: 2
2021-03-13 09:48:48,322 :: /mnt/d/SocketProg/PyTorrent/client/p2p.py:43 :: INFO :: Sent data: b'\x02\x01' to ('127.0.1.1', 35111)
2021-03-13 09:48:48,427 :: /mnt/d/SocketProg/PyTorrent/client/p2p.py:51 :: INFO :: Sent ACK for seq: 3
2021-03-13 09:48:48,458 :: /mnt/d/SocketProg/PyTorrent/client/p2p.py:43 :: INFO :: Sent data: b'\x03\x01' to ('127.0.1.1', 35111)
2021-03-13 09:48:49,894 :: /mnt/d/SocketProg/PyTorrent/client/p2p.py:51 :: INFO :: Sent ACK for seq: 0
2021-03-13 09:48:49,942 :: /mnt/d/SocketProg/PyTorrent/client/p2p.py:43 :: INFO :: Sent data: b'\x00\x01' to ('127.0.1.1', 35111)
2021-03-13 09:48:50,038 :: /mnt/d/SocketProg/PyTorrent/client/p2p.py:51 :: INFO :: Sent ACK for seq: 1
2021-03-13 09:48:50,066 :: /mnt/d/SocketProg/PyTorrent/client/p2p.py:43 :: INFO :: Sent data: b'\x01\x01' to ('127.0.1.1', 35111)
2021-03-13 09:48:51,462 :: /mnt/d/SocketProg/PyTorrent/client/p2p.py:51 :: INFO :: Sent ACK for seq: 2
2021-03-13 09:48:51,510 :: /mnt/d/SocketProg/PyTorrent/client/p2p.py:43 :: INFO :: Sent data: b'\x02\x01' to ('127.0.1.1', 35111)
2021-03-13 09:48:51,542 :: /mnt/d/SocketProg/PyTorrent/utils.py:42 :: INFO :: Verify hash of file configs/clients/1/downloads/0.txt
2021-03-13 09:48:51,543 :: /mnt/d/SocketProg/PyTorrent/utils.py:31 :: INFO :: Get hash of configs/clients/1/downloads/0.txt
2021-03-13 09:48:51,942 :: /mnt/d/SocketProg/PyTorrent/utils.py:31 :: INFO :: Get hash of configs/clients/1/downloads/0.txt
2021-03-13 09:48:52,898 :: /mnt/d/SocketProg/PyTorrent/client/main_serv.py:126 :: INFO :: Sent HB packet
2021-03-13 09:48:52,946 :: /mnt/d/SocketProg/PyTorrent/client/main_serv.py:137 :: INFO :: received reply to HB
2021-03-13 09:48:59,487 :: /mnt/d/SocketProg/PyTorrent/utils.py:31 :: INFO :: Get hash of configs/clients/1/downloads/0.txt
2021-03-13 09:48:59,843 :: client/client.py:129 :: INFO :: File hash verified: configs/clients/1/downloads/0.txt
2021-03-13 09:48:59,891 :: client/client.py:341 :: INFO :: Request for 0.txt from 2 completed successfully.
2021-03-13 09:49:03,040 :: /mnt/d/SocketProg/PyTorrent/client/main_serv.py:126 :: INFO :: Sent HB packet
2021-03-13 09:49:03,056 :: /mnt/d/SocketProg/PyTorrent/client/main_serv.py:137 :: INFO :: received reply to HB
2021-03-13 09:49:13,125 :: /mnt/d/SocketProg/PyTorrent/client/main_serv.py:126 :: INFO :: Sent HB packet
2021-03-13 09:49:13,173 :: /mnt/d/SocketProg/PyTorrent/client/main_serv.py:137 :: INFO :: received reply to HB
2021-03-13 09:49:23,261 :: /mnt/d/SocketProg/PyTorrent/client/main_serv.py:126 :: INFO :: Sent HB packet
2021-03-13 09:49:23,309 :: /mnt/d/SocketProg/PyTorrent/client/main_serv.py:137 :: INFO :: received reply to HB
2021-03-13 09:49:33,398 :: /mnt/d/SocketProg/PyTorrent/client/main_serv.py:126 :: INFO :: Sent HB packet
2021-03-13 09:49:33,446 :: /mnt/d/SocketProg/PyTorrent/client/main_serv.py:137 :: INFO :: received reply to HB
2021-03-13 09:49:43,514 :: /mnt/d/SocketProg/PyTorrent/client/main_serv.py:126 :: INFO :: Sent HB packet
2021-03-13 09:49:43,530 :: /mnt/d/SocketProg/PyTorrent/client/main_serv.py:137 :: INFO :: received reply to HB
2021-03-13 09:49:53,564 :: /mnt/d/SocketProg/PyTorrent/client/main_serv.py:126 :: INFO :: Sent HB packet
2021-03-13 09:49:53,607 :: /mnt/d/SocketProg/PyTorrent/client/main_serv.py:137 :: INFO :: received reply to HB
2021-03-13 09:50:03,702 :: /mnt/d/SocketProg/PyTorrent/client/main_serv.py:126 :: INFO :: Sent HB packet
2021-03-13 09:50:03,766 :: /mnt/d/SocketProg/PyTorrent/client/main_serv.py:137 :: INFO :: received reply to HB
2021-03-13 09:50:13,855 :: /mnt/d/SocketProg/PyTorrent/client/main_serv.py:126 :: INFO :: Sent HB packet
2021-03-13 09:50:13,919 :: /mnt/d/SocketProg/PyTorrent/client/main_serv.py:137 :: INFO :: received reply to HB
2021-03-13 09:50:24,008 :: /mnt/d/SocketProg/PyTorrent/client/main_serv.py:126 :: INFO :: Sent HB packet
2021-03-13 09:50:24,020 :: /mnt/d/SocketProg/PyTorrent/client/main_serv.py:137 :: INFO :: received reply to HB
2021-03-13 09:50:34,075 :: /mnt/d/SocketProg/PyTorrent/client/main_serv.py:126 :: INFO :: Sent HB packet
2021-03-13 09:50:34,107 :: /mnt/d/SocketProg/PyTorrent/client/main_serv.py:137 :: INFO :: received reply to HB
2021-03-13 09:50:44,171 :: /mnt/d/SocketProg/PyTorrent/client/main_serv.py:126 :: INFO :: Sent HB packet
2021-03-13 09:50:44,215 :: /mnt/d/SocketProg/PyTorrent/client/main_serv.py:142 :: INFO :: server shutting down, client shutdown initiated
2021-03-13 09:50:44,231 :: client/client.py:71 :: ERROR :: Connection to server lost, client exiting..
2021-03-13 09:50:44,231 :: /mnt/d/SocketProg/PyTorrent/client/p2p.py:110 :: INFO :: Server listen set to close
2021-03-13 09:51:05,306 :: client/client.py:84 :: INFO :: input thread joined
2021-03-13 09:51:05,306 :: client/client.py:86 :: INFO :: my server joined
2021-03-13 09:51:45,722 :: client/client.py:44 :: INFO :: Done with config initialization
2021-03-13 09:51:45,730 :: /mnt/d/SocketProg/PyTorrent/client/p2p.py:91 :: INFO :: Started server successfully at address: ('127.0.1.1', 10810)
2021-03-13 09:51:55,086 :: /mnt/d/SocketProg/PyTorrent/client/p2p.py:43 :: INFO :: Sent data: b'\x00\x001' to ('127.0.1.1', 35111)
2021-03-13 09:51:55,598 :: /mnt/d/SocketProg/PyTorrent/client/p2p.py:51 :: INFO :: Sent ACK for seq: 0
2021-03-13 09:51:55,646 :: /mnt/d/SocketProg/PyTorrent/client/p2p.py:43 :: INFO :: Sent data: b'\x00\x01' to ('127.0.1.1', 35111)
2021-03-13 09:51:55,766 :: /mnt/d/SocketProg/PyTorrent/client/p2p.py:51 :: INFO :: Sent ACK for seq: 1
2021-03-13 09:51:55,810 :: /mnt/d/SocketProg/PyTorrent/client/p2p.py:43 :: INFO :: Sent data: b'\x01\x01' to ('127.0.1.1', 35111)
2021-03-13 09:51:57,275 :: /mnt/d/SocketProg/PyTorrent/client/p2p.py:51 :: INFO :: Sent ACK for seq: 2
2021-03-13 09:51:57,323 :: /mnt/d/SocketProg/PyTorrent/client/p2p.py:43 :: INFO :: Sent data: b'\x02\x01' to ('127.0.1.1', 35111)
2021-03-13 09:51:57,435 :: /mnt/d/SocketProg/PyTorrent/client/p2p.py:51 :: INFO :: Sent ACK for seq: 3
2021-03-13 09:51:57,483 :: /mnt/d/SocketProg/PyTorrent/client/p2p.py:43 :: INFO :: Sent data: b'\x03\x01' to ('127.0.1.1', 35111)
2021-03-13 09:51:59,008 :: /mnt/d/SocketProg/PyTorrent/client/p2p.py:51 :: INFO :: Sent ACK for seq: 0
2021-03-13 09:51:59,056 :: /mnt/d/SocketProg/PyTorrent/client/p2p.py:43 :: INFO :: Sent data: b'\x00\x01' to ('127.0.1.1', 35111)
2021-03-13 09:51:59,168 :: /mnt/d/SocketProg/PyTorrent/client/p2p.py:51 :: INFO :: Sent ACK for seq: 1
2021-03-13 09:51:59,200 :: /mnt/d/SocketProg/PyTorrent/client/p2p.py:43 :: INFO :: Sent data: b'\x01\x01' to ('127.0.1.1', 35111)
2021-03-13 09:52:00,512 :: /mnt/d/SocketProg/PyTorrent/client/p2p.py:51 :: INFO :: Sent ACK for seq: 2
2021-03-13 09:52:00,544 :: /mnt/d/SocketProg/PyTorrent/client/p2p.py:43 :: INFO :: Sent data: b'\x02\x01' to ('127.0.1.1', 35111)
2021-03-13 09:52:00,672 :: /mnt/d/SocketProg/PyTorrent/client/p2p.py:51 :: INFO :: Sent ACK for seq: 3
2021-03-13 09:52:00,720 :: /mnt/d/SocketProg/PyTorrent/client/p2p.py:43 :: INFO :: Sent data: b'\x03\x01' to ('127.0.1.1', 35111)
2021-03-13 09:52:02,116 :: /mnt/d/SocketProg/PyTorrent/client/p2p.py:51 :: INFO :: Sent ACK for seq: 0
2021-03-13 09:52:02,160 :: /mnt/d/SocketProg/PyTorrent/client/p2p.py:43 :: INFO :: Sent data: b'\x00\x01' to ('127.0.1.1', 35111)
2021-03-13 09:52:02,288 :: /mnt/d/SocketProg/PyTorrent/client/p2p.py:51 :: INFO :: Sent ACK for seq: 1
2021-03-13 09:52:02,336 :: /mnt/d/SocketProg/PyTorrent/client/p2p.py:43 :: INFO :: Sent data: b'\x01\x01' to ('127.0.1.1', 35111)
2021-03-13 09:52:03,700 :: /mnt/d/SocketProg/PyTorrent/client/p2p.py:51 :: INFO :: Sent ACK for seq: 2
2021-03-13 09:52:03,732 :: /mnt/d/SocketProg/PyTorrent/client/p2p.py:43 :: INFO :: Sent data: b'\x02\x01' to ('127.0.1.1', 35111)
2021-03-13 09:52:03,764 :: /mnt/d/SocketProg/PyTorrent/utils.py:42 :: INFO :: Verify hash of file configs/clients/1/downloads/49.txt
2021-03-13 09:52:03,780 :: /mnt/d/SocketProg/PyTorrent/utils.py:31 :: INFO :: Get hash of configs/clients/1/downloads/49.txt
2021-03-13 09:52:04,152 :: client/client.py:129 :: INFO :: File hash verified: configs/clients/1/downloads/49.txt
2021-03-13 09:52:04,180 :: client/client.py:341 :: INFO :: Request for 49.txt from 2 completed successfully.
2021-03-13 09:52:05,028 :: /mnt/d/SocketProg/PyTorrent/client/main_serv.py:126 :: INFO :: Sent HB packet
2021-03-13 09:52:05,076 :: /mnt/d/SocketProg/PyTorrent/client/main_serv.py:137 :: INFO :: received reply to HB
2021-03-13 09:52:15,161 :: /mnt/d/SocketProg/PyTorrent/client/main_serv.py:126 :: INFO :: Sent HB packet
2021-03-13 09:52:15,161 :: /mnt/d/SocketProg/PyTorrent/client/main_serv.py:137 :: INFO :: received reply to HB
2021-03-13 09:52:22,974 :: /mnt/d/SocketProg/PyTorrent/client/main_serv.py:79 :: INFO :: server shutting down, client shutdown initiated
2021-03-13 09:52:22,990 :: client/client.py:71 :: ERROR :: Connection to server lost, client exiting..
2021-03-13 09:52:22,990 :: /mnt/d/SocketProg/PyTorrent/client/p2p.py:110 :: INFO :: Server listen set to close
2021-03-13 09:52:22,990 :: client/client.py:84 :: INFO :: input thread joined
2021-03-13 09:52:23,386 :: client/client.py:86 :: INFO :: my server joined
2021-03-13 09:54:53,648 :: client/client.py:44 :: INFO :: Done with config initialization
2021-03-13 09:54:53,656 :: /mnt/d/SocketProg/PyTorrent/client/p2p.py:91 :: INFO :: Started server successfully at address: ('127.0.1.1', 10810)
2021-03-13 09:55:01,025 :: /mnt/d/SocketProg/PyTorrent/client/p2p.py:43 :: INFO :: Sent data: b'\x00\x001' to ('127.0.1.1', 35111)
2021-03-13 09:55:01,510 :: /mnt/d/SocketProg/PyTorrent/client/p2p.py:51 :: INFO :: Sent ACK for seq: 0
2021-03-13 09:55:01,554 :: /mnt/d/SocketProg/PyTorrent/client/p2p.py:43 :: INFO :: Sent data: b'\x00\x01' to ('127.0.1.1', 35111)
2021-03-13 09:55:01,663 :: /mnt/d/SocketProg/PyTorrent/client/p2p.py:51 :: INFO :: Sent ACK for seq: 1
2021-03-13 09:55:01,695 :: /mnt/d/SocketProg/PyTorrent/client/p2p.py:43 :: INFO :: Sent data: b'\x01\x01' to ('127.0.1.1', 35111)
2021-03-13 09:55:03,067 :: /mnt/d/SocketProg/PyTorrent/client/p2p.py:51 :: INFO :: Sent ACK for seq: 2
2021-03-13 09:55:03,106 :: /mnt/d/SocketProg/PyTorrent/client/p2p.py:43 :: INFO :: Sent data: b'\x02\x01' to ('127.0.1.1', 35111)
2021-03-13 09:55:03,219 :: /mnt/d/SocketProg/PyTorrent/client/p2p.py:51 :: INFO :: Sent ACK for seq: 3
2021-03-13 09:55:03,263 :: /mnt/d/SocketProg/PyTorrent/client/p2p.py:43 :: INFO :: Sent data: b'\x03\x01' to ('127.0.1.1', 35111)
2021-03-13 09:55:04,666 :: /mnt/d/SocketProg/PyTorrent/client/p2p.py:51 :: INFO :: Sent ACK for seq: 0
2021-03-13 09:55:04,710 :: /mnt/d/SocketProg/PyTorrent/client/p2p.py:43 :: INFO :: Sent data: b'\x00\x01' to ('127.0.1.1', 35111)
2021-03-13 09:55:04,823 :: /mnt/d/SocketProg/PyTorrent/client/p2p.py:51 :: INFO :: Sent ACK for seq: 1
2021-03-13 09:55:04,855 :: /mnt/d/SocketProg/PyTorrent/client/p2p.py:43 :: INFO :: Sent data: b'\x01\x01' to ('127.0.1.1', 35111)
2021-03-13 09:55:06,231 :: /mnt/d/SocketProg/PyTorrent/client/p2p.py:51 :: INFO :: Sent ACK for seq: 2
2021-03-13 09:55:06,279 :: /mnt/d/SocketProg/PyTorrent/client/p2p.py:43 :: INFO :: Sent data: b'\x02\x01' to ('127.0.1.1', 35111)
2021-03-13 09:55:06,391 :: /mnt/d/SocketProg/PyTorrent/client/p2p.py:51 :: INFO :: Sent ACK for seq: 3
2021-03-13 09:55:06,439 :: /mnt/d/SocketProg/PyTorrent/client/p2p.py:43 :: INFO :: Sent data: b'\x03\x01' to ('127.0.1.1', 35111)
2021-03-13 09:55:07,852 :: /mnt/d/SocketProg/PyTorrent/client/p2p.py:51 :: INFO :: Sent ACK for seq: 0
2021-03-13 09:55:07,932 :: /mnt/d/SocketProg/PyTorrent/client/p2p.py:43 :: INFO :: Sent data: b'\x00\x01' to ('127.0.1.1', 35111)
2021-03-13 09:55:07,996 :: /mnt/d/SocketProg/PyTorrent/client/p2p.py:51 :: INFO :: Sent ACK for seq: 1
2021-03-13 09:55:08,012 :: /mnt/d/SocketProg/PyTorrent/client/p2p.py:43 :: INFO :: Sent data: b'\x01\x01' to ('127.0.1.1', 35111)
2021-03-13 09:55:09,496 :: /mnt/d/SocketProg/PyTorrent/client/p2p.py:51 :: INFO :: Sent ACK for seq: 2
2021-03-13 09:55:09,535 :: /mnt/d/SocketProg/PyTorrent/client/p2p.py:43 :: INFO :: Sent data: b'\x02\x01' to ('127.0.1.1', 35111)
2021-03-13 09:55:09,567 :: /mnt/d/SocketProg/PyTorrent/utils.py:42 :: INFO :: Verify hash of file configs/clients/1/downloads/49.txt
2021-03-13 09:55:09,583 :: /mnt/d/SocketProg/PyTorrent/utils.py:31 :: INFO :: Get hash of configs/clients/1/downloads/49.txt
2021-03-13 09:55:09,983 :: client/client.py:129 :: INFO :: File hash verified: configs/clients/1/downloads/49.txt
2021-03-13 09:55:10,015 :: client/client.py:341 :: INFO :: Request for 49.txt from 2 completed successfully.
2021-03-13 09:55:11,020 :: /mnt/d/SocketProg/PyTorrent/client/main_serv.py:126 :: INFO :: Sent HB packet
2021-03-13 09:55:11,035 :: /mnt/d/SocketProg/PyTorrent/client/main_serv.py:137 :: INFO :: received reply to HB
2021-03-13 09:55:21,125 :: /mnt/d/SocketProg/PyTorrent/client/main_serv.py:126 :: INFO :: Sent HB packet
2021-03-13 09:55:21,157 :: /mnt/d/SocketProg/PyTorrent/client/main_serv.py:137 :: INFO :: received reply to HB
2021-03-13 09:55:31,248 :: /mnt/d/SocketProg/PyTorrent/client/main_serv.py:126 :: INFO :: Sent HB packet
2021-03-13 09:55:31,264 :: /mnt/d/SocketProg/PyTorrent/client/main_serv.py:137 :: INFO :: received reply to HB
2021-03-13 09:55:41,330 :: /mnt/d/SocketProg/PyTorrent/client/main_serv.py:126 :: INFO :: Sent HB packet
2021-03-13 09:55:41,375 :: /mnt/d/SocketProg/PyTorrent/client/main_serv.py:137 :: INFO :: received reply to HB
2021-03-13 09:55:51,470 :: /mnt/d/SocketProg/PyTorrent/client/main_serv.py:126 :: INFO :: Sent HB packet
2021-03-13 09:55:51,519 :: /mnt/d/SocketProg/PyTorrent/client/main_serv.py:137 :: INFO :: received reply to HB
2021-03-13 09:56:01,625 :: /mnt/d/SocketProg/PyTorrent/client/main_serv.py:126 :: INFO :: Sent HB packet
2021-03-13 09:56:01,673 :: /mnt/d/SocketProg/PyTorrent/client/main_serv.py:137 :: INFO :: received reply to HB
2021-03-13 09:56:11,810 :: /mnt/d/SocketProg/PyTorrent/client/main_serv.py:126 :: INFO :: Sent HB packet
2021-03-13 09:56:11,854 :: /mnt/d/SocketProg/PyTorrent/client/main_serv.py:137 :: INFO :: received reply to HB
2021-03-13 09:56:21,951 :: /mnt/d/SocketProg/PyTorrent/client/main_serv.py:126 :: INFO :: Sent HB packet
2021-03-13 09:56:21,999 :: /mnt/d/SocketProg/PyTorrent/client/main_serv.py:137 :: INFO :: received reply to HB
2021-03-13 09:56:32,105 :: /mnt/d/SocketProg/PyTorrent/client/main_serv.py:126 :: INFO :: Sent HB packet
2021-03-13 09:56:32,149 :: /mnt/d/SocketProg/PyTorrent/client/main_serv.py:137 :: INFO :: received reply to HB
2021-03-13 09:56:42,228 :: /mnt/d/SocketProg/PyTorrent/client/main_serv.py:126 :: INFO :: Sent HB packet
2021-03-13 09:56:42,276 :: /mnt/d/SocketProg/PyTorrent/client/main_serv.py:137 :: INFO :: received reply to HB
2021-03-13 09:56:52,348 :: /mnt/d/SocketProg/PyTorrent/client/main_serv.py:126 :: INFO :: Sent HB packet
2021-03-13 09:56:52,394 :: /mnt/d/SocketProg/PyTorrent/client/main_serv.py:137 :: INFO :: received reply to HB
2021-03-13 09:57:02,490 :: /mnt/d/SocketProg/PyTorrent/client/main_serv.py:126 :: INFO :: Sent HB packet
2021-03-13 09:57:02,522 :: /mnt/d/SocketProg/PyTorrent/client/main_serv.py:137 :: INFO :: received reply to HB
2021-03-13 09:57:12,603 :: /mnt/d/SocketProg/PyTorrent/client/main_serv.py:126 :: INFO :: Sent HB packet
2021-03-13 09:57:12,647 :: /mnt/d/SocketProg/PyTorrent/client/main_serv.py:137 :: INFO :: received reply to HB
2021-03-13 09:57:22,740 :: /mnt/d/SocketProg/PyTorrent/client/main_serv.py:126 :: INFO :: Sent HB packet
2021-03-13 09:57:22,800 :: /mnt/d/SocketProg/PyTorrent/client/main_serv.py:137 :: INFO :: received reply to HB
2021-03-13 09:57:32,902 :: /mnt/d/SocketProg/PyTorrent/client/main_serv.py:126 :: INFO :: Sent HB packet
2021-03-13 09:57:32,942 :: /mnt/d/SocketProg/PyTorrent/client/main_serv.py:137 :: INFO :: received reply to HB
2021-03-13 09:57:43,023 :: /mnt/d/SocketProg/PyTorrent/client/main_serv.py:126 :: INFO :: Sent HB packet
2021-03-13 09:57:43,055 :: /mnt/d/SocketProg/PyTorrent/client/main_serv.py:137 :: INFO :: received reply to HB
2021-03-13 09:57:53,137 :: /mnt/d/SocketProg/PyTorrent/client/main_serv.py:126 :: INFO :: Sent HB packet
2021-03-13 09:57:53,180 :: /mnt/d/SocketProg/PyTorrent/client/main_serv.py:137 :: INFO :: received reply to HB
2021-03-13 09:58:12,778 :: /mnt/d/SocketProg/PyTorrent/client/main_serv.py:126 :: INFO :: Sent HB packet
2021-03-13 09:58:12,826 :: /mnt/d/SocketProg/PyTorrent/client/main_serv.py:137 :: INFO :: received reply to HB
2021-03-13 09:58:22,897 :: /mnt/d/SocketProg/PyTorrent/client/main_serv.py:126 :: INFO :: Sent HB packet
2021-03-13 09:58:22,945 :: /mnt/d/SocketProg/PyTorrent/client/main_serv.py:137 :: INFO :: received reply to HB
2021-03-13 09:58:33,014 :: /mnt/d/SocketProg/PyTorrent/client/main_serv.py:126 :: INFO :: Sent HB packet
2021-03-13 09:58:33,062 :: /mnt/d/SocketProg/PyTorrent/client/main_serv.py:137 :: INFO :: received reply to HB
2021-03-13 09:58:43,127 :: /mnt/d/SocketProg/PyTorrent/client/main_serv.py:126 :: INFO :: Sent HB packet
2021-03-13 09:58:43,155 :: /mnt/d/SocketProg/PyTorrent/client/main_serv.py:137 :: INFO :: received reply to HB
2021-03-13 09:58:53,212 :: /mnt/d/SocketProg/PyTorrent/client/main_serv.py:126 :: INFO :: Sent HB packet
2021-03-13 09:58:53,256 :: /mnt/d/SocketProg/PyTorrent/client/main_serv.py:137 :: INFO :: received reply to HB
2021-03-13 09:59:03,314 :: /mnt/d/SocketProg/PyTorrent/client/main_serv.py:126 :: INFO :: Sent HB packet
2021-03-13 09:59:03,314 :: /mnt/d/SocketProg/PyTorrent/client/main_serv.py:137 :: INFO :: received reply to HB
2021-03-13 09:59:13,377 :: /mnt/d/SocketProg/PyTorrent/client/main_serv.py:126 :: INFO :: Sent HB packet
2021-03-13 09:59:13,439 :: /mnt/d/SocketProg/PyTorrent/client/main_serv.py:137 :: INFO :: received reply to HB
2021-03-13 09:59:23,505 :: /mnt/d/SocketProg/PyTorrent/client/main_serv.py:126 :: INFO :: Sent HB packet
2021-03-13 09:59:23,549 :: /mnt/d/SocketProg/PyTorrent/client/main_serv.py:137 :: INFO :: received reply to HB
2021-03-13 09:59:33,605 :: /mnt/d/SocketProg/PyTorrent/client/main_serv.py:126 :: INFO :: Sent HB packet
2021-03-13 09:59:33,636 :: /mnt/d/SocketProg/PyTorrent/client/main_serv.py:137 :: INFO :: received reply to HB
2021-03-13 09:59:43,702 :: /mnt/d/SocketProg/PyTorrent/client/main_serv.py:126 :: INFO :: Sent HB packet
2021-03-13 09:59:43,750 :: /mnt/d/SocketProg/PyTorrent/client/main_serv.py:137 :: INFO :: received reply to HB
2021-03-13 09:59:53,813 :: /mnt/d/SocketProg/PyTorrent/client/main_serv.py:126 :: INFO :: Sent HB packet
2021-03-13 09:59:53,861 :: /mnt/d/SocketProg/PyTorrent/client/main_serv.py:142 :: INFO :: server shutting down, client shutdown initiated
2021-03-13 09:59:53,877 :: client/client.py:71 :: ERROR :: Connection to server lost, client exiting..
2021-03-13 09:59:53,877 :: /mnt/d/SocketProg/PyTorrent/client/p2p.py:110 :: INFO :: Server listen set to close
2021-03-13 10:00:08,107 :: client/client.py:84 :: INFO :: input thread joined
2021-03-13 10:00:08,107 :: client/client.py:86 :: INFO :: my server joined
2021-03-13 10:01:13,542 :: client/client.py:44 :: INFO :: Done with config initialization
2021-03-13 10:01:13,551 :: /mnt/d/SocketProg/PyTorrent/client/p2p.py:91 :: INFO :: Started server successfully at address: ('127.0.1.1', 10810)
2021-03-13 10:01:23,586 :: /mnt/d/SocketProg/PyTorrent/client/main_serv.py:126 :: INFO :: Sent HB packet
2021-03-13 10:01:23,614 :: /mnt/d/SocketProg/PyTorrent/client/main_serv.py:137 :: INFO :: received reply to HB
2021-03-13 10:01:33,706 :: /mnt/d/SocketProg/PyTorrent/client/main_serv.py:126 :: INFO :: Sent HB packet
2021-03-13 10:01:33,738 :: /mnt/d/SocketProg/PyTorrent/client/main_serv.py:137 :: INFO :: received reply to HB
2021-03-13 10:01:43,789 :: /mnt/d/SocketProg/PyTorrent/client/main_serv.py:126 :: INFO :: Sent HB packet
2021-03-13 10:01:43,821 :: /mnt/d/SocketProg/PyTorrent/client/main_serv.py:137 :: INFO :: received reply to HB
2021-03-13 10:01:53,918 :: /mnt/d/SocketProg/PyTorrent/client/main_serv.py:126 :: INFO :: Sent HB packet
2021-03-13 10:01:53,951 :: /mnt/d/SocketProg/PyTorrent/client/main_serv.py:137 :: INFO :: received reply to HB
2021-03-13 10:02:04,005 :: /mnt/d/SocketProg/PyTorrent/client/main_serv.py:126 :: INFO :: Sent HB packet
2021-03-13 10:02:04,043 :: /mnt/d/SocketProg/PyTorrent/client/main_serv.py:137 :: INFO :: received reply to HB
2021-03-13 10:02:08,392 :: client/client.py:71 :: ERROR :: Connection to server lost, client exiting..
2021-03-13 10:02:08,393 :: /mnt/d/SocketProg/PyTorrent/client/p2p.py:110 :: INFO :: Server listen set to close
2021-03-13 10:02:08,393 :: client/client.py:76 :: INFO :: Client shutdown called, client exiting
2021-03-13 10:02:08,393 :: client/client.py:84 :: INFO :: input thread joined
2021-03-13 10:02:08,536 :: client/client.py:86 :: INFO :: my server joined
2021-03-13 10:02:15,085 :: client/client.py:44 :: INFO :: Done with config initialization
2021-03-13 10:02:15,098 :: /mnt/d/SocketProg/PyTorrent/client/p2p.py:91 :: INFO :: Started server successfully at address: ('127.0.1.1', 10810)
2021-03-13 10:02:35,021 :: /mnt/d/SocketProg/PyTorrent/client/main_serv.py:126 :: INFO :: Sent HB packet
2021-03-13 10:02:35,049 :: /mnt/d/SocketProg/PyTorrent/client/main_serv.py:137 :: INFO :: received reply to HB
2021-03-13 10:02:47,580 :: /mnt/d/SocketProg/PyTorrent/client/main_serv.py:126 :: INFO :: Sent HB packet
2021-03-13 10:02:47,596 :: /mnt/d/SocketProg/PyTorrent/client/main_serv.py:137 :: INFO :: received reply to HB
2021-03-13 10:02:57,654 :: /mnt/d/SocketProg/PyTorrent/client/main_serv.py:126 :: INFO :: Sent HB packet
2021-03-13 10:02:57,682 :: /mnt/d/SocketProg/PyTorrent/client/main_serv.py:137 :: INFO :: received reply to HB
2021-03-13 10:03:07,752 :: /mnt/d/SocketProg/PyTorrent/client/main_serv.py:126 :: INFO :: Sent HB packet
2021-03-13 10:03:07,800 :: /mnt/d/SocketProg/PyTorrent/client/main_serv.py:137 :: INFO :: received reply to HB
2021-03-13 10:03:17,901 :: /mnt/d/SocketProg/PyTorrent/client/main_serv.py:126 :: INFO :: Sent HB packet
2021-03-13 10:03:17,917 :: /mnt/d/SocketProg/PyTorrent/client/main_serv.py:142 :: INFO :: server shutting down, client shutdown initiated
2021-03-13 10:03:17,933 :: client/client.py:71 :: ERROR :: Connection to server lost, client exiting..
2021-03-13 10:03:17,933 :: /mnt/d/SocketProg/PyTorrent/client/p2p.py:110 :: INFO :: Server listen set to close
2021-03-13 10:03:42,788 :: client/client.py:84 :: INFO :: input thread joined
2021-03-13 10:03:42,788 :: client/client.py:86 :: INFO :: my server joined
2021-03-13 10:04:10,657 :: client/client.py:44 :: INFO :: Done with config initialization
2021-03-13 10:04:14,677 :: /mnt/d/SocketProg/PyTorrent/client/p2p.py:91 :: INFO :: Started server successfully at address: ('127.0.1.1', 10810)
2021-03-13 10:04:24,739 :: /mnt/d/SocketProg/PyTorrent/client/main_serv.py:126 :: INFO :: Sent HB packet
2021-03-13 10:04:24,787 :: /mnt/d/SocketProg/PyTorrent/client/main_serv.py:137 :: INFO :: received reply to HB
2021-03-13 10:04:25,363 :: /mnt/d/SocketProg/PyTorrent/client/p2p.py:43 :: INFO :: Sent data: b'\x00\x00\x00' to ('127.0.1.1', 35111)
2021-03-13 10:04:25,872 :: /mnt/d/SocketProg/PyTorrent/client/p2p.py:51 :: INFO :: Sent ACK for seq: 0
2021-03-13 10:04:25,899 :: /mnt/d/SocketProg/PyTorrent/client/p2p.py:43 :: INFO :: Sent data: b'\x00\x01' to ('127.0.1.1', 35111)
2021-03-13 10:04:26,028 :: /mnt/d/SocketProg/PyTorrent/client/p2p.py:51 :: INFO :: Sent ACK for seq: 1
2021-03-13 10:04:26,060 :: /mnt/d/SocketProg/PyTorrent/client/p2p.py:43 :: INFO :: Sent data: b'\x01\x01' to ('127.0.1.1', 35111)
2021-03-13 10:04:27,496 :: /mnt/d/SocketProg/PyTorrent/client/p2p.py:51 :: INFO :: Sent ACK for seq: 2
2021-03-13 10:04:27,539 :: /mnt/d/SocketProg/PyTorrent/client/p2p.py:43 :: INFO :: Sent data: b'\x02\x01' to ('127.0.1.1', 35111)
2021-03-13 10:04:27,664 :: /mnt/d/SocketProg/PyTorrent/client/p2p.py:51 :: INFO :: Sent ACK for seq: 3
2021-03-13 10:04:27,703 :: /mnt/d/SocketProg/PyTorrent/client/p2p.py:43 :: INFO :: Sent data: b'\x03\x01' to ('127.0.1.1', 35111)
2021-03-13 10:04:29,154 :: /mnt/d/SocketProg/PyTorrent/client/p2p.py:51 :: INFO :: Sent ACK for seq: 0
2021-03-13 10:04:29,186 :: /mnt/d/SocketProg/PyTorrent/client/p2p.py:43 :: INFO :: Sent data: b'\x00\x01' to ('127.0.1.1', 35111)
2021-03-13 10:04:29,330 :: /mnt/d/SocketProg/PyTorrent/client/p2p.py:51 :: INFO :: Sent ACK for seq: 1
2021-03-13 10:04:29,362 :: /mnt/d/SocketProg/PyTorrent/client/p2p.py:43 :: INFO :: Sent data: b'\x01\x01' to ('127.0.1.1', 35111)
2021-03-13 10:04:30,698 :: /mnt/d/SocketProg/PyTorrent/client/p2p.py:51 :: INFO :: Sent ACK for seq: 2
2021-03-13 10:04:30,746 :: /mnt/d/SocketProg/PyTorrent/client/p2p.py:43 :: INFO :: Sent data: b'\x02\x01' to ('127.0.1.1', 35111)
2021-03-13 10:04:30,842 :: /mnt/d/SocketProg/PyTorrent/client/p2p.py:51 :: INFO :: Sent ACK for seq: 3
2021-03-13 10:04:30,890 :: /mnt/d/SocketProg/PyTorrent/client/p2p.py:43 :: INFO :: Sent data: b'\x03\x01' to ('127.0.1.1', 35111)
2021-03-13 10:04:32,250 :: /mnt/d/SocketProg/PyTorrent/client/p2p.py:51 :: INFO :: Sent ACK for seq: 0
2021-03-13 10:04:32,282 :: /mnt/d/SocketProg/PyTorrent/client/p2p.py:43 :: INFO :: Sent data: b'\x00\x01' to ('127.0.1.1', 35111)
2021-03-13 10:04:32,418 :: /mnt/d/SocketProg/PyTorrent/client/p2p.py:51 :: INFO :: Sent ACK for seq: 1
2021-03-13 10:04:32,466 :: /mnt/d/SocketProg/PyTorrent/client/p2p.py:43 :: INFO :: Sent data: b'\x01\x01' to ('127.0.1.1', 35111)
2021-03-13 10:04:33,781 :: /mnt/d/SocketProg/PyTorrent/client/p2p.py:51 :: INFO :: Sent ACK for seq: 2
2021-03-13 10:04:33,829 :: /mnt/d/SocketProg/PyTorrent/client/p2p.py:43 :: INFO :: Sent data: b'\x02\x01' to ('127.0.1.1', 35111)
2021-03-13 10:04:33,861 :: /mnt/d/SocketProg/PyTorrent/utils.py:42 :: INFO :: Verify hash of file configs/clients/1/downloads/0.txt
2021-03-13 10:04:33,877 :: /mnt/d/SocketProg/PyTorrent/utils.py:31 :: INFO :: Get hash of configs/clients/1/downloads/0.txt
2021-03-13 10:04:34,281 :: client/client.py:129 :: INFO :: File hash verified: configs/clients/1/downloads/0.txt
2021-03-13 10:04:34,309 :: client/client.py:344 :: INFO :: Request for 0.txt from 2 completed successfully.
2021-03-13 10:04:35,329 :: /mnt/d/SocketProg/PyTorrent/client/main_serv.py:126 :: INFO :: Sent HB packet
2021-03-13 10:04:35,345 :: /mnt/d/SocketProg/PyTorrent/client/main_serv.py:137 :: INFO :: received reply to HB
2021-03-13 10:04:45,382 :: /mnt/d/SocketProg/PyTorrent/client/main_serv.py:126 :: INFO :: Sent HB packet
2021-03-13 10:04:45,414 :: /mnt/d/SocketProg/PyTorrent/client/main_serv.py:137 :: INFO :: received reply to HB
2021-03-13 10:04:56,979 :: /mnt/d/SocketProg/PyTorrent/client/main_serv.py:126 :: INFO :: Sent HB packet
2021-03-13 10:04:57,027 :: /mnt/d/SocketProg/PyTorrent/client/main_serv.py:137 :: INFO :: received reply to HB
2021-03-13 10:05:13,078 :: /mnt/d/SocketProg/PyTorrent/client/main_serv.py:126 :: INFO :: Sent HB packet
2021-03-13 10:05:13,130 :: /mnt/d/SocketProg/PyTorrent/client/main_serv.py:137 :: INFO :: received reply to HB
2021-03-13 10:05:23,223 :: /mnt/d/SocketProg/PyTorrent/client/main_serv.py:126 :: INFO :: Sent HB packet
2021-03-13 10:05:23,255 :: /mnt/d/SocketProg/PyTorrent/client/main_serv.py:137 :: INFO :: received reply to HB
2021-03-13 10:05:33,354 :: /mnt/d/SocketProg/PyTorrent/client/main_serv.py:126 :: INFO :: Sent HB packet
2021-03-13 10:05:33,370 :: /mnt/d/SocketProg/PyTorrent/client/main_serv.py:142 :: INFO :: server shutting down, client shutdown initiated
2021-03-13 10:05:33,386 :: client/client.py:71 :: ERROR :: Connection to server lost, client exiting..
2021-03-13 10:05:33,387 :: /mnt/d/SocketProg/PyTorrent/client/p2p.py:110 :: INFO :: Server listen set to close
2021-03-13 10:05:38,162 :: client/client.py:84 :: INFO :: input thread joined
2021-03-13 10:05:38,162 :: client/client.py:86 :: INFO :: my server joined
2021-03-13 10:06:06,540 :: client/client.py:44 :: INFO :: Done with config initialization
2021-03-13 10:06:11,566 :: /mnt/d/SocketProg/PyTorrent/client/p2p.py:91 :: INFO :: Started server successfully at address: ('127.0.1.1', 10810)
2021-03-13 10:06:21,614 :: /mnt/d/SocketProg/PyTorrent/client/main_serv.py:126 :: INFO :: Sent HB packet
2021-03-13 10:06:21,662 :: /mnt/d/SocketProg/PyTorrent/client/main_serv.py:142 :: INFO :: server shutting down, client shutdown initiated
2021-03-13 10:06:21,662 :: client/client.py:71 :: ERROR :: Connection to server lost, client exiting..
2021-03-13 10:06:21,662 :: /mnt/d/SocketProg/PyTorrent/client/p2p.py:110 :: INFO :: Server listen set to close
2021-03-13 10:06:41,649 :: client/client.py:84 :: INFO :: input thread joined
2021-03-13 10:06:41,649 :: client/client.py:86 :: INFO :: my server joined
2021-03-13 10:06:45,785 :: client/client.py:44 :: INFO :: Done with config initialization
2021-03-13 10:06:45,793 :: /mnt/d/SocketProg/PyTorrent/client/p2p.py:91 :: INFO :: Started server successfully at address: ('127.0.1.1', 10810)
2021-03-13 10:06:55,826 :: /mnt/d/SocketProg/PyTorrent/client/main_serv.py:126 :: INFO :: Sent HB packet
2021-03-13 10:06:55,870 :: /mnt/d/SocketProg/PyTorrent/client/main_serv.py:137 :: INFO :: received reply to HB
2021-03-13 10:07:05,952 :: /mnt/d/SocketProg/PyTorrent/client/main_serv.py:126 :: INFO :: Sent HB packet
2021-03-13 10:07:06,000 :: /mnt/d/SocketProg/PyTorrent/client/main_serv.py:137 :: INFO :: received reply to HB
2021-03-13 10:07:14,572 :: client/client.py:71 :: ERROR :: Connection to server lost, client exiting..
2021-03-13 10:07:14,573 :: /mnt/d/SocketProg/PyTorrent/client/p2p.py:110 :: INFO :: Server listen set to close
2021-03-13 10:07:14,573 :: client/client.py:76 :: INFO :: Client shutdown called, client exiting
2021-03-13 10:07:14,573 :: client/client.py:84 :: INFO :: input thread joined
2021-03-13 10:07:15,340 :: client/client.py:86 :: INFO :: my server joined
