2021-03-13 08:41:41,030 :: setup.py:23 :: INFO :: Created directories if they didn't exist at ./files/
2021-03-13 08:41:41,064 :: setup.py:90 :: INFO :: Finished writing to file files/0.txt
2021-03-13 08:41:41,097 :: setup.py:90 :: INFO :: Finished writing to file files/1.txt
2021-03-13 08:41:41,140 :: setup.py:90 :: INFO :: Finished writing to file files/2.txt
2021-03-13 08:41:41,173 :: setup.py:90 :: INFO :: Finished writing to file files/3.txt
2021-03-13 08:41:41,206 :: setup.py:90 :: INFO :: Finished writing to file files/4.txt
2021-03-13 08:41:41,238 :: setup.py:90 :: INFO :: Finished writing to file files/5.txt
2021-03-13 08:41:41,275 :: setup.py:90 :: INFO :: Finished writing to file files/6.txt
2021-03-13 08:41:41,307 :: setup.py:90 :: INFO :: Finished writing to file files/7.txt
2021-03-13 08:41:41,336 :: setup.py:90 :: INFO :: Finished writing to file files/8.txt
2021-03-13 08:41:41,366 :: setup.py:90 :: INFO :: Finished writing to file files/9.txt
2021-03-13 08:41:41,399 :: setup.py:90 :: INFO :: Finished writing to file files/10.txt
2021-03-13 08:41:41,429 :: setup.py:90 :: INFO :: Finished writing to file files/11.txt
2021-03-13 08:41:41,461 :: setup.py:90 :: INFO :: Finished writing to file files/12.txt
2021-03-13 08:41:41,493 :: setup.py:90 :: INFO :: Finished writing to file files/13.txt
2021-03-13 08:41:41,537 :: setup.py:90 :: INFO :: Finished writing to file files/14.txt
2021-03-13 08:41:41,591 :: setup.py:90 :: INFO :: Finished writing to file files/15.txt
2021-03-13 08:41:41,622 :: setup.py:90 :: INFO :: Finished writing to file files/16.txt
2021-03-13 08:41:41,665 :: setup.py:90 :: INFO :: Finished writing to file files/17.txt
2021-03-13 08:41:41,695 :: setup.py:90 :: INFO :: Finished writing to file files/18.txt
2021-03-13 08:41:41,725 :: setup.py:90 :: INFO :: Finished writing to file files/19.txt
2021-03-13 08:41:41,757 :: setup.py:90 :: INFO :: Finished writing to file files/20.txt
2021-03-13 08:41:41,791 :: setup.py:90 :: INFO :: Finished writing to file files/21.txt
2021-03-13 08:41:41,825 :: setup.py:90 :: INFO :: Finished writing to file files/22.txt
2021-03-13 08:41:41,855 :: setup.py:90 :: INFO :: Finished writing to file files/23.txt
2021-03-13 08:41:41,898 :: setup.py:90 :: INFO :: Finished writing to file files/24.txt
2021-03-13 08:41:41,945 :: setup.py:90 :: INFO :: Finished writing to file files/25.txt
2021-03-13 08:41:41,975 :: setup.py:90 :: INFO :: Finished writing to file files/26.txt
2021-03-13 08:41:42,022 :: setup.py:90 :: INFO :: Finished writing to file files/27.txt
2021-03-13 08:41:42,067 :: setup.py:90 :: INFO :: Finished writing to file files/28.txt
2021-03-13 08:41:42,096 :: setup.py:90 :: INFO :: Finished writing to file files/29.txt
2021-03-13 08:41:42,127 :: setup.py:90 :: INFO :: Finished writing to file files/30.txt
2021-03-13 08:41:42,157 :: setup.py:90 :: INFO :: Finished writing to file files/31.txt
2021-03-13 08:41:42,188 :: setup.py:90 :: INFO :: Finished writing to file files/32.txt
2021-03-13 08:41:42,219 :: setup.py:90 :: INFO :: Finished writing to file files/33.txt
2021-03-13 08:41:42,255 :: setup.py:90 :: INFO :: Finished writing to file files/34.txt
2021-03-13 08:41:42,289 :: setup.py:90 :: INFO :: Finished writing to file files/35.txt
2021-03-13 08:41:42,320 :: setup.py:90 :: INFO :: Finished writing to file files/36.txt
2021-03-13 08:41:42,351 :: setup.py:90 :: INFO :: Finished writing to file files/37.txt
2021-03-13 08:41:42,383 :: setup.py:90 :: INFO :: Finished writing to file files/38.txt
2021-03-13 08:41:42,413 :: setup.py:90 :: INFO :: Finished writing to file files/39.txt
2021-03-13 08:41:42,445 :: setup.py:90 :: INFO :: Finished writing to file files/40.txt
2021-03-13 08:41:42,478 :: setup.py:90 :: INFO :: Finished writing to file files/41.txt
2021-03-13 08:41:42,511 :: setup.py:90 :: INFO :: Finished writing to file files/42.txt
2021-03-13 08:41:42,543 :: setup.py:90 :: INFO :: Finished writing to file files/43.txt
2021-03-13 08:41:42,576 :: setup.py:90 :: INFO :: Finished writing to file files/44.txt
2021-03-13 08:41:42,611 :: setup.py:90 :: INFO :: Finished writing to file files/45.txt
2021-03-13 08:41:42,643 :: setup.py:90 :: INFO :: Finished writing to file files/46.txt
2021-03-13 08:41:42,674 :: setup.py:90 :: INFO :: Finished writing to file files/47.txt
2021-03-13 08:41:42,723 :: setup.py:90 :: INFO :: Finished writing to file files/48.txt
2021-03-13 08:41:42,753 :: setup.py:90 :: INFO :: Finished writing to file files/49.txt
2021-03-13 08:41:42,754 :: setup.py:23 :: INFO :: Created directories if they didn't exist at ./configs/clients/
2021-03-13 08:41:42,754 :: setup.py:23 :: INFO :: Created directories if they didn't exist at configs/clients/1
2021-03-13 08:41:43,124 :: setup.py:66 :: INFO :: Client created with CLIENTID: 1
2021-03-13 08:41:43,124 :: setup.py:67 :: INFO :: Client SERVERPORT: 5000
2021-03-13 08:41:43,124 :: setup.py:68 :: INFO :: Client MYPORT: 10810
2021-03-13 08:41:43,124 :: setup.py:69 :: INFO :: Client FILE_VECTOR: 00001100010010100110000111111111111111101111010010
2021-03-13 08:41:43,124 :: setup.py:70 :: INFO :: Dumped client config as yaml data
2021-03-13 08:41:43,130 :: setup.py:23 :: INFO :: Created directories if they didn't exist at configs/clients/2
2021-03-13 08:41:43,429 :: setup.py:66 :: INFO :: Client created with CLIENTID: 2
2021-03-13 08:41:43,429 :: setup.py:67 :: INFO :: Client SERVERPORT: 5000
2021-03-13 08:41:43,429 :: setup.py:68 :: INFO :: Client MYPORT: 35111
2021-03-13 08:41:43,429 :: setup.py:69 :: INFO :: Client FILE_VECTOR: 11100010011011010101000000010101010010000110111011
2021-03-13 08:41:43,429 :: setup.py:70 :: INFO :: Dumped client config as yaml data
2021-03-13 08:41:43,434 :: setup.py:23 :: INFO :: Created directories if they didn't exist at configs/clients/3
2021-03-13 08:41:43,742 :: setup.py:66 :: INFO :: Client created with CLIENTID: 3
2021-03-13 08:41:43,742 :: setup.py:67 :: INFO :: Client SERVERPORT: 5000
2021-03-13 08:41:43,742 :: setup.py:68 :: INFO :: Client MYPORT: 29056
2021-03-13 08:41:43,742 :: setup.py:69 :: INFO :: Client FILE_VECTOR: 10110000011001010110101001001010110100010011111010
2021-03-13 08:41:43,742 :: setup.py:70 :: INFO :: Dumped client config as yaml data
2021-03-13 08:41:43,747 :: setup.py:23 :: INFO :: Created directories if they didn't exist at configs/clients/4
2021-03-13 08:41:44,144 :: setup.py:66 :: INFO :: Client created with CLIENTID: 4
2021-03-13 08:41:44,144 :: setup.py:67 :: INFO :: Client SERVERPORT: 5000
2021-03-13 08:41:44,144 :: setup.py:68 :: INFO :: Client MYPORT: 36797
2021-03-13 08:41:44,144 :: setup.py:69 :: INFO :: Client FILE_VECTOR: 01011111001101001011110011100110001111001110011010
2021-03-13 08:41:44,144 :: setup.py:70 :: INFO :: Dumped client config as yaml data
2021-03-13 08:41:44,149 :: setup.py:23 :: INFO :: Created directories if they didn't exist at configs/clients/5
2021-03-13 08:41:44,526 :: setup.py:66 :: INFO :: Client created with CLIENTID: 5
2021-03-13 08:41:44,526 :: setup.py:67 :: INFO :: Client SERVERPORT: 5000
2021-03-13 08:41:44,526 :: setup.py:68 :: INFO :: Client MYPORT: 12064
2021-03-13 08:41:44,526 :: setup.py:69 :: INFO :: Client FILE_VECTOR: 01111101000011110001111110001001010010001011110110
2021-03-13 08:41:44,526 :: setup.py:70 :: INFO :: Dumped client config as yaml data
2021-03-13 08:41:44,533 :: setup.py:23 :: INFO :: Created directories if they didn't exist at configs/clients/6
2021-03-13 08:41:44,826 :: setup.py:66 :: INFO :: Client created with CLIENTID: 6
2021-03-13 08:41:44,826 :: setup.py:67 :: INFO :: Client SERVERPORT: 5000
2021-03-13 08:41:44,826 :: setup.py:68 :: INFO :: Client MYPORT: 33429
2021-03-13 08:41:44,826 :: setup.py:69 :: INFO :: Client FILE_VECTOR: 01100000001000010011110100000010110101100111110101
2021-03-13 08:41:44,826 :: setup.py:70 :: INFO :: Dumped client config as yaml data
2021-03-13 08:41:44,835 :: setup.py:23 :: INFO :: Created directories if they didn't exist at configs/clients/7
2021-03-13 08:41:45,174 :: setup.py:66 :: INFO :: Client created with CLIENTID: 7
2021-03-13 08:41:45,175 :: setup.py:67 :: INFO :: Client SERVERPORT: 5000
2021-03-13 08:41:45,175 :: setup.py:68 :: INFO :: Client MYPORT: 38997
2021-03-13 08:41:45,175 :: setup.py:69 :: INFO :: Client FILE_VECTOR: 00000011100011110001101101010101101101100111101000
2021-03-13 08:41:45,175 :: setup.py:70 :: INFO :: Dumped client config as yaml data
2021-03-13 08:41:45,181 :: setup.py:23 :: INFO :: Created directories if they didn't exist at configs/clients/8
2021-03-13 08:41:45,484 :: setup.py:66 :: INFO :: Client created with CLIENTID: 8
2021-03-13 08:41:45,484 :: setup.py:67 :: INFO :: Client SERVERPORT: 5000
2021-03-13 08:41:45,484 :: setup.py:68 :: INFO :: Client MYPORT: 7536
2021-03-13 08:41:45,484 :: setup.py:69 :: INFO :: Client FILE_VECTOR: 00000011000110001101011110100110100110101010001101
2021-03-13 08:41:45,484 :: setup.py:70 :: INFO :: Dumped client config as yaml data
2021-03-13 08:41:45,490 :: setup.py:23 :: INFO :: Created directories if they didn't exist at configs/clients/9
2021-03-13 08:41:45,838 :: setup.py:66 :: INFO :: Client created with CLIENTID: 9
2021-03-13 08:41:45,838 :: setup.py:67 :: INFO :: Client SERVERPORT: 5000
2021-03-13 08:41:45,838 :: setup.py:68 :: INFO :: Client MYPORT: 4793
2021-03-13 08:41:45,838 :: setup.py:69 :: INFO :: Client FILE_VECTOR: 11101110111010110111011011100010010111000000010100
2021-03-13 08:41:45,838 :: setup.py:70 :: INFO :: Dumped client config as yaml data
2021-03-13 08:41:45,844 :: setup.py:23 :: INFO :: Created directories if they didn't exist at configs/clients/10
2021-03-13 08:41:46,066 :: setup.py:66 :: INFO :: Client created with CLIENTID: 10
2021-03-13 08:41:46,066 :: setup.py:67 :: INFO :: Client SERVERPORT: 5000
2021-03-13 08:41:46,066 :: setup.py:68 :: INFO :: Client MYPORT: 3635
2021-03-13 08:41:46,067 :: setup.py:69 :: INFO :: Client FILE_VECTOR: 10110011100000010101000000000000011100001001100110
2021-03-13 08:41:46,067 :: setup.py:70 :: INFO :: Dumped client config as yaml data
2021-03-13 08:41:46,072 :: setup.py:23 :: INFO :: Created directories if they didn't exist at configs/clients/11
2021-03-13 08:41:46,445 :: setup.py:66 :: INFO :: Client created with CLIENTID: 11
2021-03-13 08:41:46,445 :: setup.py:67 :: INFO :: Client SERVERPORT: 5000
2021-03-13 08:41:46,445 :: setup.py:68 :: INFO :: Client MYPORT: 32591
2021-03-13 08:41:46,445 :: setup.py:69 :: INFO :: Client FILE_VECTOR: 10101101110111100111110001101010000011110111010000
2021-03-13 08:41:46,445 :: setup.py:70 :: INFO :: Dumped client config as yaml data
2021-03-13 08:41:46,450 :: setup.py:23 :: INFO :: Created directories if they didn't exist at configs/clients/12
2021-03-13 08:41:46,718 :: setup.py:66 :: INFO :: Client created with CLIENTID: 12
2021-03-13 08:41:46,718 :: setup.py:67 :: INFO :: Client SERVERPORT: 5000
2021-03-13 08:41:46,718 :: setup.py:68 :: INFO :: Client MYPORT: 20298
2021-03-13 08:41:46,719 :: setup.py:69 :: INFO :: Client FILE_VECTOR: 11001000100110101101010000111000001100011011001000
2021-03-13 08:41:46,719 :: setup.py:70 :: INFO :: Dumped client config as yaml data
2021-03-13 08:41:46,724 :: setup.py:23 :: INFO :: Created directories if they didn't exist at configs/clients/13
2021-03-13 08:41:47,138 :: setup.py:66 :: INFO :: Client created with CLIENTID: 13
2021-03-13 08:41:47,138 :: setup.py:67 :: INFO :: Client SERVERPORT: 5000
2021-03-13 08:41:47,138 :: setup.py:68 :: INFO :: Client MYPORT: 24718
2021-03-13 08:41:47,138 :: setup.py:69 :: INFO :: Client FILE_VECTOR: 10011010111100010000111111111011000111110111101110
2021-03-13 08:41:47,138 :: setup.py:70 :: INFO :: Dumped client config as yaml data
2021-03-13 08:41:47,143 :: setup.py:23 :: INFO :: Created directories if they didn't exist at configs/clients/14
2021-03-13 08:41:47,455 :: setup.py:66 :: INFO :: Client created with CLIENTID: 14
2021-03-13 08:41:47,455 :: setup.py:67 :: INFO :: Client SERVERPORT: 5000
2021-03-13 08:41:47,455 :: setup.py:68 :: INFO :: Client MYPORT: 33523
2021-03-13 08:41:47,455 :: setup.py:69 :: INFO :: Client FILE_VECTOR: 11001111000100111111010011010010001000101000100111
2021-03-13 08:41:47,456 :: setup.py:70 :: INFO :: Dumped client config as yaml data
2021-03-13 08:41:47,461 :: setup.py:23 :: INFO :: Created directories if they didn't exist at configs/clients/15
2021-03-13 08:41:47,899 :: setup.py:66 :: INFO :: Client created with CLIENTID: 15
2021-03-13 08:41:47,899 :: setup.py:67 :: INFO :: Client SERVERPORT: 5000
2021-03-13 08:41:47,899 :: setup.py:68 :: INFO :: Client MYPORT: 47781
2021-03-13 08:41:47,899 :: setup.py:69 :: INFO :: Client FILE_VECTOR: 01011101001011010011101011000111111110101111011111
2021-03-13 08:41:47,899 :: setup.py:70 :: INFO :: Dumped client config as yaml data
2021-03-13 08:41:47,904 :: setup.py:23 :: INFO :: Created directories if they didn't exist at configs/clients/16
2021-03-13 08:41:48,137 :: setup.py:66 :: INFO :: Client created with CLIENTID: 16
2021-03-13 08:41:48,137 :: setup.py:67 :: INFO :: Client SERVERPORT: 5000
2021-03-13 08:41:48,137 :: setup.py:68 :: INFO :: Client MYPORT: 21976
2021-03-13 08:41:48,137 :: setup.py:69 :: INFO :: Client FILE_VECTOR: 00100001011011010100000000110100110011100010100000
2021-03-13 08:41:48,137 :: setup.py:70 :: INFO :: Dumped client config as yaml data
2021-03-13 08:41:48,143 :: setup.py:23 :: INFO :: Created directories if they didn't exist at configs/clients/17
2021-03-13 08:41:48,372 :: setup.py:66 :: INFO :: Client created with CLIENTID: 17
2021-03-13 08:41:48,372 :: setup.py:67 :: INFO :: Client SERVERPORT: 5000
2021-03-13 08:41:48,372 :: setup.py:68 :: INFO :: Client MYPORT: 23642
2021-03-13 08:41:48,372 :: setup.py:69 :: INFO :: Client FILE_VECTOR: 01001100010101010100010000000010001100001000011110
2021-03-13 08:41:48,372 :: setup.py:70 :: INFO :: Dumped client config as yaml data
2021-03-13 08:41:48,377 :: setup.py:23 :: INFO :: Created directories if they didn't exist at configs/clients/18
2021-03-13 08:41:48,713 :: setup.py:66 :: INFO :: Client created with CLIENTID: 18
2021-03-13 08:41:48,713 :: setup.py:67 :: INFO :: Client SERVERPORT: 5000
2021-03-13 08:41:48,713 :: setup.py:68 :: INFO :: Client MYPORT: 37621
2021-03-13 08:41:48,713 :: setup.py:69 :: INFO :: Client FILE_VECTOR: 10100010000111111100001101101100000111110011110010
2021-03-13 08:41:48,713 :: setup.py:70 :: INFO :: Dumped client config as yaml data
2021-03-13 08:41:48,719 :: setup.py:23 :: INFO :: Created directories if they didn't exist at configs/clients/19
2021-03-13 08:41:49,007 :: setup.py:66 :: INFO :: Client created with CLIENTID: 19
2021-03-13 08:41:49,007 :: setup.py:67 :: INFO :: Client SERVERPORT: 5000
2021-03-13 08:41:49,008 :: setup.py:68 :: INFO :: Client MYPORT: 35752
2021-03-13 08:41:49,008 :: setup.py:69 :: INFO :: Client FILE_VECTOR: 10000000100010110100110011101100111100000100011110
2021-03-13 08:41:49,008 :: setup.py:70 :: INFO :: Dumped client config as yaml data
2021-03-13 08:41:49,013 :: setup.py:23 :: INFO :: Created directories if they didn't exist at configs/clients/20
2021-03-13 08:41:49,283 :: setup.py:66 :: INFO :: Client created with CLIENTID: 20
2021-03-13 08:41:49,283 :: setup.py:67 :: INFO :: Client SERVERPORT: 5000
2021-03-13 08:41:49,283 :: setup.py:68 :: INFO :: Client MYPORT: 15468
2021-03-13 08:41:49,283 :: setup.py:69 :: INFO :: Client FILE_VECTOR: 01011011010001110001001101001010000100111001100000
2021-03-13 08:41:49,283 :: setup.py:70 :: INFO :: Dumped client config as yaml data
2021-03-13 08:41:49,288 :: setup.py:23 :: INFO :: Created directories if they didn't exist at configs/clients/21
2021-03-13 08:41:49,570 :: setup.py:66 :: INFO :: Client created with CLIENTID: 21
2021-03-13 08:41:49,571 :: setup.py:67 :: INFO :: Client SERVERPORT: 5000
2021-03-13 08:41:49,571 :: setup.py:68 :: INFO :: Client MYPORT: 21160
2021-03-13 08:41:49,571 :: setup.py:69 :: INFO :: Client FILE_VECTOR: 00001000100100100000011011010110110101001111100101
2021-03-13 08:41:49,571 :: setup.py:70 :: INFO :: Dumped client config as yaml data
2021-03-13 08:41:49,576 :: setup.py:23 :: INFO :: Created directories if they didn't exist at configs/clients/22
2021-03-13 08:41:49,846 :: setup.py:66 :: INFO :: Client created with CLIENTID: 22
2021-03-13 08:41:49,847 :: setup.py:67 :: INFO :: Client SERVERPORT: 5000
2021-03-13 08:41:49,847 :: setup.py:68 :: INFO :: Client MYPORT: 22046
2021-03-13 08:41:49,847 :: setup.py:69 :: INFO :: Client FILE_VECTOR: 01000100110011001011100000101101110111000001011000
2021-03-13 08:41:49,847 :: setup.py:70 :: INFO :: Dumped client config as yaml data
2021-03-13 08:41:49,853 :: setup.py:23 :: INFO :: Created directories if they didn't exist at configs/clients/23
2021-03-13 08:41:50,142 :: setup.py:66 :: INFO :: Client created with CLIENTID: 23
2021-03-13 08:41:50,142 :: setup.py:67 :: INFO :: Client SERVERPORT: 5000
2021-03-13 08:41:50,142 :: setup.py:68 :: INFO :: Client MYPORT: 10459
2021-03-13 08:41:50,142 :: setup.py:69 :: INFO :: Client FILE_VECTOR: 11100001100100001100100101100000010111111000100110
2021-03-13 08:41:50,142 :: setup.py:70 :: INFO :: Dumped client config as yaml data
2021-03-13 08:41:50,147 :: setup.py:23 :: INFO :: Created directories if they didn't exist at configs/clients/24
2021-03-13 08:41:50,539 :: setup.py:66 :: INFO :: Client created with CLIENTID: 24
2021-03-13 08:41:50,539 :: setup.py:67 :: INFO :: Client SERVERPORT: 5000
2021-03-13 08:41:50,539 :: setup.py:68 :: INFO :: Client MYPORT: 5209
2021-03-13 08:41:50,539 :: setup.py:69 :: INFO :: Client FILE_VECTOR: 10110101101101000001101111111011011111100011100110
2021-03-13 08:41:50,539 :: setup.py:70 :: INFO :: Dumped client config as yaml data
2021-03-13 08:41:50,546 :: setup.py:23 :: INFO :: Created directories if they didn't exist at configs/clients/25
2021-03-13 08:41:50,804 :: setup.py:66 :: INFO :: Client created with CLIENTID: 25
2021-03-13 08:41:50,804 :: setup.py:67 :: INFO :: Client SERVERPORT: 5000
2021-03-13 08:41:50,804 :: setup.py:68 :: INFO :: Client MYPORT: 31231
2021-03-13 08:41:50,804 :: setup.py:69 :: INFO :: Client FILE_VECTOR: 11010000110001010111110001001100010000001010100000
2021-03-13 08:41:50,804 :: setup.py:70 :: INFO :: Dumped client config as yaml data
2021-03-13 08:41:50,810 :: setup.py:23 :: INFO :: Created directories if they didn't exist at configs/clients/26
2021-03-13 08:41:51,171 :: setup.py:66 :: INFO :: Client created with CLIENTID: 26
2021-03-13 08:41:51,172 :: setup.py:67 :: INFO :: Client SERVERPORT: 5000
2021-03-13 08:41:51,172 :: setup.py:68 :: INFO :: Client MYPORT: 24898
2021-03-13 08:41:51,172 :: setup.py:69 :: INFO :: Client FILE_VECTOR: 11101001110000110001101000010101100001111111111110
2021-03-13 08:41:51,172 :: setup.py:70 :: INFO :: Dumped client config as yaml data
2021-03-13 08:41:51,177 :: setup.py:23 :: INFO :: Created directories if they didn't exist at configs/clients/27
2021-03-13 08:41:51,469 :: setup.py:66 :: INFO :: Client created with CLIENTID: 27
2021-03-13 08:41:51,469 :: setup.py:67 :: INFO :: Client SERVERPORT: 5000
2021-03-13 08:41:51,469 :: setup.py:68 :: INFO :: Client MYPORT: 21700
2021-03-13 08:41:51,469 :: setup.py:69 :: INFO :: Client FILE_VECTOR: 01001110100010011011000000010001011111011100011100
2021-03-13 08:41:51,469 :: setup.py:70 :: INFO :: Dumped client config as yaml data
2021-03-13 08:41:51,475 :: setup.py:23 :: INFO :: Created directories if they didn't exist at configs/clients/28
2021-03-13 08:41:51,828 :: setup.py:66 :: INFO :: Client created with CLIENTID: 28
2021-03-13 08:41:51,828 :: setup.py:67 :: INFO :: Client SERVERPORT: 5000
2021-03-13 08:41:51,828 :: setup.py:68 :: INFO :: Client MYPORT: 14233
2021-03-13 08:41:51,828 :: setup.py:69 :: INFO :: Client FILE_VECTOR: 00000100110110001011111100111111111110000011110100
2021-03-13 08:41:51,828 :: setup.py:70 :: INFO :: Dumped client config as yaml data
2021-03-13 08:41:51,833 :: setup.py:23 :: INFO :: Created directories if they didn't exist at configs/clients/29
2021-03-13 08:41:52,186 :: setup.py:66 :: INFO :: Client created with CLIENTID: 29
2021-03-13 08:41:52,186 :: setup.py:67 :: INFO :: Client SERVERPORT: 5000
2021-03-13 08:41:52,186 :: setup.py:68 :: INFO :: Client MYPORT: 49063
2021-03-13 08:41:52,187 :: setup.py:69 :: INFO :: Client FILE_VECTOR: 11010110111001000000000100110110111100011111110101
2021-03-13 08:41:52,187 :: setup.py:70 :: INFO :: Dumped client config as yaml data
2021-03-13 08:41:52,192 :: setup.py:23 :: INFO :: Created directories if they didn't exist at configs/clients/30
2021-03-13 08:41:52,512 :: setup.py:66 :: INFO :: Client created with CLIENTID: 30
2021-03-13 08:41:52,512 :: setup.py:67 :: INFO :: Client SERVERPORT: 5000
2021-03-13 08:41:52,512 :: setup.py:68 :: INFO :: Client MYPORT: 49129
2021-03-13 08:41:52,512 :: setup.py:69 :: INFO :: Client FILE_VECTOR: 10111011011100100101001001100011000111011001100001
2021-03-13 08:41:52,512 :: setup.py:70 :: INFO :: Dumped client config as yaml data
2021-03-13 08:41:52,518 :: setup.py:23 :: INFO :: Created directories if they didn't exist at configs/clients/31
2021-03-13 08:41:52,820 :: setup.py:66 :: INFO :: Client created with CLIENTID: 31
2021-03-13 08:41:52,820 :: setup.py:67 :: INFO :: Client SERVERPORT: 5000
2021-03-13 08:41:52,820 :: setup.py:68 :: INFO :: Client MYPORT: 41856
2021-03-13 08:41:52,820 :: setup.py:69 :: INFO :: Client FILE_VECTOR: 00010101000101111101101110101000111100110000101000
2021-03-13 08:41:52,820 :: setup.py:70 :: INFO :: Dumped client config as yaml data
2021-03-13 08:41:52,826 :: setup.py:23 :: INFO :: Created directories if they didn't exist at configs/clients/32
2021-03-13 08:41:53,096 :: setup.py:66 :: INFO :: Client created with CLIENTID: 32
2021-03-13 08:41:53,096 :: setup.py:67 :: INFO :: Client SERVERPORT: 5000
2021-03-13 08:41:53,096 :: setup.py:68 :: INFO :: Client MYPORT: 18903
2021-03-13 08:41:53,096 :: setup.py:69 :: INFO :: Client FILE_VECTOR: 11110010100000110000001110011010010100001000000111
2021-03-13 08:41:53,096 :: setup.py:70 :: INFO :: Dumped client config as yaml data
2021-03-13 08:41:53,102 :: setup.py:23 :: INFO :: Created directories if they didn't exist at configs/clients/33
2021-03-13 08:41:53,388 :: setup.py:66 :: INFO :: Client created with CLIENTID: 33
2021-03-13 08:41:53,388 :: setup.py:67 :: INFO :: Client SERVERPORT: 5000
2021-03-13 08:41:53,388 :: setup.py:68 :: INFO :: Client MYPORT: 17064
2021-03-13 08:41:53,388 :: setup.py:69 :: INFO :: Client FILE_VECTOR: 10100010111101001110101010110001000011110000010100
2021-03-13 08:41:53,388 :: setup.py:70 :: INFO :: Dumped client config as yaml data
2021-03-13 08:41:53,393 :: setup.py:23 :: INFO :: Created directories if they didn't exist at configs/clients/34
2021-03-13 08:41:53,719 :: setup.py:66 :: INFO :: Client created with CLIENTID: 34
2021-03-13 08:41:53,720 :: setup.py:67 :: INFO :: Client SERVERPORT: 5000
2021-03-13 08:41:53,720 :: setup.py:68 :: INFO :: Client MYPORT: 6773
2021-03-13 08:41:53,720 :: setup.py:69 :: INFO :: Client FILE_VECTOR: 00011000101101111101111101000100011001111000010101
2021-03-13 08:41:53,720 :: setup.py:70 :: INFO :: Dumped client config as yaml data
2021-03-13 08:41:53,725 :: setup.py:23 :: INFO :: Created directories if they didn't exist at configs/clients/35
2021-03-13 08:41:54,029 :: setup.py:66 :: INFO :: Client created with CLIENTID: 35
2021-03-13 08:41:54,029 :: setup.py:67 :: INFO :: Client SERVERPORT: 5000
2021-03-13 08:41:54,029 :: setup.py:68 :: INFO :: Client MYPORT: 27036
2021-03-13 08:41:54,029 :: setup.py:69 :: INFO :: Client FILE_VECTOR: 00111000111011100100101110011010000000000111011000
2021-03-13 08:41:54,030 :: setup.py:70 :: INFO :: Dumped client config as yaml data
2021-03-13 08:41:54,035 :: setup.py:23 :: INFO :: Created directories if they didn't exist at configs/clients/36
2021-03-13 08:41:54,386 :: setup.py:66 :: INFO :: Client created with CLIENTID: 36
2021-03-13 08:41:54,386 :: setup.py:67 :: INFO :: Client SERVERPORT: 5000
2021-03-13 08:41:54,386 :: setup.py:68 :: INFO :: Client MYPORT: 41599
2021-03-13 08:41:54,386 :: setup.py:69 :: INFO :: Client FILE_VECTOR: 00010100101011100111001110101011000101001011010111
2021-03-13 08:41:54,386 :: setup.py:70 :: INFO :: Dumped client config as yaml data
2021-03-13 08:41:54,391 :: setup.py:23 :: INFO :: Created directories if they didn't exist at configs/clients/37
2021-03-13 08:41:54,774 :: setup.py:66 :: INFO :: Client created with CLIENTID: 37
2021-03-13 08:41:54,775 :: setup.py:67 :: INFO :: Client SERVERPORT: 5000
2021-03-13 08:41:54,775 :: setup.py:68 :: INFO :: Client MYPORT: 9533
2021-03-13 08:41:54,775 :: setup.py:69 :: INFO :: Client FILE_VECTOR: 10011011010000111111011011010000010100101101111100
2021-03-13 08:41:54,775 :: setup.py:70 :: INFO :: Dumped client config as yaml data
2021-03-13 08:41:54,781 :: setup.py:23 :: INFO :: Created directories if they didn't exist at configs/clients/38
2021-03-13 08:41:55,160 :: setup.py:66 :: INFO :: Client created with CLIENTID: 38
2021-03-13 08:41:55,160 :: setup.py:67 :: INFO :: Client SERVERPORT: 5000
2021-03-13 08:41:55,160 :: setup.py:68 :: INFO :: Client MYPORT: 33447
2021-03-13 08:41:55,160 :: setup.py:69 :: INFO :: Client FILE_VECTOR: 00101110011001010111001001000111101101100001100100
2021-03-13 08:41:55,161 :: setup.py:70 :: INFO :: Dumped client config as yaml data
2021-03-13 08:41:55,166 :: setup.py:23 :: INFO :: Created directories if they didn't exist at configs/clients/39
2021-03-13 08:41:55,462 :: setup.py:66 :: INFO :: Client created with CLIENTID: 39
2021-03-13 08:41:55,462 :: setup.py:67 :: INFO :: Client SERVERPORT: 5000
2021-03-13 08:41:55,462 :: setup.py:68 :: INFO :: Client MYPORT: 11812
2021-03-13 08:41:55,463 :: setup.py:69 :: INFO :: Client FILE_VECTOR: 11000111011000010111100010001001011100000001001100
2021-03-13 08:41:55,463 :: setup.py:70 :: INFO :: Dumped client config as yaml data
2021-03-13 08:41:55,468 :: setup.py:23 :: INFO :: Created directories if they didn't exist at configs/clients/40
2021-03-13 08:41:55,851 :: setup.py:66 :: INFO :: Client created with CLIENTID: 40
2021-03-13 08:41:55,851 :: setup.py:67 :: INFO :: Client SERVERPORT: 5000
2021-03-13 08:41:55,851 :: setup.py:68 :: INFO :: Client MYPORT: 1122
2021-03-13 08:41:55,851 :: setup.py:69 :: INFO :: Client FILE_VECTOR: 10101110000111100111001101011000101101010100101110
2021-03-13 08:41:55,852 :: setup.py:70 :: INFO :: Dumped client config as yaml data
2021-03-13 08:41:55,857 :: setup.py:23 :: INFO :: Created directories if they didn't exist at configs/clients/41
2021-03-13 08:41:56,157 :: setup.py:66 :: INFO :: Client created with CLIENTID: 41
2021-03-13 08:41:56,157 :: setup.py:67 :: INFO :: Client SERVERPORT: 5000
2021-03-13 08:41:56,157 :: setup.py:68 :: INFO :: Client MYPORT: 45134
2021-03-13 08:41:56,157 :: setup.py:69 :: INFO :: Client FILE_VECTOR: 11010000000111111000001110001101000010000011101001
2021-03-13 08:41:56,157 :: setup.py:70 :: INFO :: Dumped client config as yaml data
2021-03-13 08:41:56,163 :: setup.py:23 :: INFO :: Created directories if they didn't exist at configs/clients/42
2021-03-13 08:41:56,484 :: setup.py:66 :: INFO :: Client created with CLIENTID: 42
2021-03-13 08:41:56,484 :: setup.py:67 :: INFO :: Client SERVERPORT: 5000
2021-03-13 08:41:56,484 :: setup.py:68 :: INFO :: Client MYPORT: 28884
2021-03-13 08:41:56,484 :: setup.py:69 :: INFO :: Client FILE_VECTOR: 10110010001101001010101101110001100100101100101011
2021-03-13 08:41:56,484 :: setup.py:70 :: INFO :: Dumped client config as yaml data
2021-03-13 08:41:56,490 :: setup.py:23 :: INFO :: Created directories if they didn't exist at configs/clients/43
2021-03-13 08:41:56,792 :: setup.py:66 :: INFO :: Client created with CLIENTID: 43
2021-03-13 08:41:56,792 :: setup.py:67 :: INFO :: Client SERVERPORT: 5000
2021-03-13 08:41:56,793 :: setup.py:68 :: INFO :: Client MYPORT: 15644
2021-03-13 08:41:56,793 :: setup.py:69 :: INFO :: Client FILE_VECTOR: 10101010100111111101001001001001100001010010001011
2021-03-13 08:41:56,793 :: setup.py:70 :: INFO :: Dumped client config as yaml data
2021-03-13 08:41:56,798 :: setup.py:23 :: INFO :: Created directories if they didn't exist at configs/clients/44
2021-03-13 08:41:57,115 :: setup.py:66 :: INFO :: Client created with CLIENTID: 44
2021-03-13 08:41:57,115 :: setup.py:67 :: INFO :: Client SERVERPORT: 5000
2021-03-13 08:41:57,115 :: setup.py:68 :: INFO :: Client MYPORT: 33796
2021-03-13 08:41:57,115 :: setup.py:69 :: INFO :: Client FILE_VECTOR: 11000110100110111001011111101101100000100101001000
2021-03-13 08:41:57,115 :: setup.py:70 :: INFO :: Dumped client config as yaml data
2021-03-13 08:41:57,120 :: setup.py:23 :: INFO :: Created directories if they didn't exist at configs/clients/45
2021-03-13 08:41:57,427 :: setup.py:66 :: INFO :: Client created with CLIENTID: 45
2021-03-13 08:41:57,427 :: setup.py:67 :: INFO :: Client SERVERPORT: 5000
2021-03-13 08:41:57,427 :: setup.py:68 :: INFO :: Client MYPORT: 44599
2021-03-13 08:41:57,427 :: setup.py:69 :: INFO :: Client FILE_VECTOR: 11101101000001000110011000110101110110100010010010
2021-03-13 08:41:57,427 :: setup.py:70 :: INFO :: Dumped client config as yaml data
2021-03-13 08:41:57,436 :: setup.py:23 :: INFO :: Created directories if they didn't exist at configs/clients/46
2021-03-13 08:41:57,757 :: setup.py:66 :: INFO :: Client created with CLIENTID: 46
2021-03-13 08:41:57,757 :: setup.py:67 :: INFO :: Client SERVERPORT: 5000
2021-03-13 08:41:57,757 :: setup.py:68 :: INFO :: Client MYPORT: 17313
2021-03-13 08:41:57,757 :: setup.py:69 :: INFO :: Client FILE_VECTOR: 11100011101011010001010011100000110111100111000001
2021-03-13 08:41:57,757 :: setup.py:70 :: INFO :: Dumped client config as yaml data
2021-03-13 08:41:57,763 :: setup.py:23 :: INFO :: Created directories if they didn't exist at configs/clients/47
2021-03-13 08:41:58,117 :: setup.py:66 :: INFO :: Client created with CLIENTID: 47
2021-03-13 08:41:58,117 :: setup.py:67 :: INFO :: Client SERVERPORT: 5000
2021-03-13 08:41:58,117 :: setup.py:68 :: INFO :: Client MYPORT: 22189
2021-03-13 08:41:58,117 :: setup.py:69 :: INFO :: Client FILE_VECTOR: 01011101110010001010010110000111000111111011110100
2021-03-13 08:41:58,117 :: setup.py:70 :: INFO :: Dumped client config as yaml data
2021-03-13 08:41:58,122 :: setup.py:23 :: INFO :: Created directories if they didn't exist at configs/clients/48
2021-03-13 08:41:58,482 :: setup.py:66 :: INFO :: Client created with CLIENTID: 48
2021-03-13 08:41:58,482 :: setup.py:67 :: INFO :: Client SERVERPORT: 5000
2021-03-13 08:41:58,482 :: setup.py:68 :: INFO :: Client MYPORT: 39803
2021-03-13 08:41:58,483 :: setup.py:69 :: INFO :: Client FILE_VECTOR: 00001011010110101000101100111110011010111111001001
2021-03-13 08:41:58,483 :: setup.py:70 :: INFO :: Dumped client config as yaml data
2021-03-13 08:41:58,488 :: setup.py:23 :: INFO :: Created directories if they didn't exist at configs/clients/49
2021-03-13 08:41:58,789 :: setup.py:66 :: INFO :: Client created with CLIENTID: 49
2021-03-13 08:41:58,790 :: setup.py:67 :: INFO :: Client SERVERPORT: 5000
2021-03-13 08:41:58,790 :: setup.py:68 :: INFO :: Client MYPORT: 27403
2021-03-13 08:41:58,790 :: setup.py:69 :: INFO :: Client FILE_VECTOR: 00010010000000111001011001110111000110100110011011
2021-03-13 08:41:58,790 :: setup.py:70 :: INFO :: Dumped client config as yaml data
2021-03-13 08:41:58,795 :: setup.py:23 :: INFO :: Created directories if they didn't exist at configs/clients/50
2021-03-13 08:41:59,155 :: setup.py:66 :: INFO :: Client created with CLIENTID: 50
2021-03-13 08:41:59,155 :: setup.py:67 :: INFO :: Client SERVERPORT: 5000
2021-03-13 08:41:59,155 :: setup.py:68 :: INFO :: Client MYPORT: 10514
2021-03-13 08:41:59,155 :: setup.py:69 :: INFO :: Client FILE_VECTOR: 11001010111100110110100110010111110100010010101110
2021-03-13 08:41:59,155 :: setup.py:70 :: INFO :: Dumped client config as yaml data
2021-03-13 08:41:59,161 :: setup.py:23 :: INFO :: Created directories if they didn't exist at configs/clients/51
2021-03-13 08:41:59,527 :: setup.py:66 :: INFO :: Client created with CLIENTID: 51
2021-03-13 08:41:59,527 :: setup.py:67 :: INFO :: Client SERVERPORT: 5000
2021-03-13 08:41:59,527 :: setup.py:68 :: INFO :: Client MYPORT: 20444
2021-03-13 08:41:59,527 :: setup.py:69 :: INFO :: Client FILE_VECTOR: 01111110100111011011001101110001100100010100110110
2021-03-13 08:41:59,527 :: setup.py:70 :: INFO :: Dumped client config as yaml data
2021-03-13 08:41:59,533 :: setup.py:23 :: INFO :: Created directories if they didn't exist at configs/clients/52
2021-03-13 08:41:59,814 :: setup.py:66 :: INFO :: Client created with CLIENTID: 52
2021-03-13 08:41:59,814 :: setup.py:67 :: INFO :: Client SERVERPORT: 5000
2021-03-13 08:41:59,814 :: setup.py:68 :: INFO :: Client MYPORT: 33109
2021-03-13 08:41:59,814 :: setup.py:69 :: INFO :: Client FILE_VECTOR: 10010001101010010100010110010000010110011101110010
2021-03-13 08:41:59,815 :: setup.py:70 :: INFO :: Dumped client config as yaml data
2021-03-13 08:41:59,820 :: setup.py:23 :: INFO :: Created directories if they didn't exist at configs/clients/53
2021-03-13 08:42:00,219 :: setup.py:66 :: INFO :: Client created with CLIENTID: 53
2021-03-13 08:42:00,220 :: setup.py:67 :: INFO :: Client SERVERPORT: 5000
2021-03-13 08:42:00,220 :: setup.py:68 :: INFO :: Client MYPORT: 16369
2021-03-13 08:42:00,220 :: setup.py:69 :: INFO :: Client FILE_VECTOR: 11110111011110010110110010001101101100001110101100
2021-03-13 08:42:00,220 :: setup.py:70 :: INFO :: Dumped client config as yaml data
2021-03-13 08:42:00,225 :: setup.py:23 :: INFO :: Created directories if they didn't exist at configs/clients/54
2021-03-13 08:42:00,527 :: setup.py:66 :: INFO :: Client created with CLIENTID: 54
2021-03-13 08:42:00,528 :: setup.py:67 :: INFO :: Client SERVERPORT: 5000
2021-03-13 08:42:00,528 :: setup.py:68 :: INFO :: Client MYPORT: 34215
2021-03-13 08:42:00,528 :: setup.py:69 :: INFO :: Client FILE_VECTOR: 10001110110010011110010010010010001010110011100101
2021-03-13 08:42:00,528 :: setup.py:70 :: INFO :: Dumped client config as yaml data
2021-03-13 08:42:00,534 :: setup.py:23 :: INFO :: Created directories if they didn't exist at configs/clients/55
2021-03-13 08:42:00,881 :: setup.py:66 :: INFO :: Client created with CLIENTID: 55
2021-03-13 08:42:00,881 :: setup.py:67 :: INFO :: Client SERVERPORT: 5000
2021-03-13 08:42:00,881 :: setup.py:68 :: INFO :: Client MYPORT: 30244
2021-03-13 08:42:00,881 :: setup.py:69 :: INFO :: Client FILE_VECTOR: 11000000011101001110101111111001010110100110000101
2021-03-13 08:42:00,881 :: setup.py:70 :: INFO :: Dumped client config as yaml data
2021-03-13 08:42:00,887 :: setup.py:23 :: INFO :: Created directories if they didn't exist at configs/clients/56
2021-03-13 08:42:01,170 :: setup.py:66 :: INFO :: Client created with CLIENTID: 56
2021-03-13 08:42:01,170 :: setup.py:67 :: INFO :: Client SERVERPORT: 5000
2021-03-13 08:42:01,170 :: setup.py:68 :: INFO :: Client MYPORT: 42423
2021-03-13 08:42:01,170 :: setup.py:69 :: INFO :: Client FILE_VECTOR: 01100000001010010011011010010000011101011110100100
2021-03-13 08:42:01,170 :: setup.py:70 :: INFO :: Dumped client config as yaml data
2021-03-13 08:42:01,176 :: setup.py:23 :: INFO :: Created directories if they didn't exist at configs/clients/57
2021-03-13 08:42:01,557 :: setup.py:66 :: INFO :: Client created with CLIENTID: 57
2021-03-13 08:42:01,557 :: setup.py:67 :: INFO :: Client SERVERPORT: 5000
2021-03-13 08:42:01,557 :: setup.py:68 :: INFO :: Client MYPORT: 19477
2021-03-13 08:42:01,557 :: setup.py:69 :: INFO :: Client FILE_VECTOR: 00000011111101001111011110011100011111100110001110
2021-03-13 08:42:01,557 :: setup.py:70 :: INFO :: Dumped client config as yaml data
2021-03-13 08:42:01,562 :: setup.py:23 :: INFO :: Created directories if they didn't exist at configs/clients/58
2021-03-13 08:42:01,816 :: setup.py:66 :: INFO :: Client created with CLIENTID: 58
2021-03-13 08:42:01,817 :: setup.py:67 :: INFO :: Client SERVERPORT: 5000
2021-03-13 08:42:01,817 :: setup.py:68 :: INFO :: Client MYPORT: 34410
2021-03-13 08:42:01,817 :: setup.py:69 :: INFO :: Client FILE_VECTOR: 00100001111010111001011110010101000000010001100000
2021-03-13 08:42:01,817 :: setup.py:70 :: INFO :: Dumped client config as yaml data
2021-03-13 08:42:01,822 :: setup.py:23 :: INFO :: Created directories if they didn't exist at configs/clients/59
2021-03-13 08:42:02,179 :: setup.py:66 :: INFO :: Client created with CLIENTID: 59
2021-03-13 08:42:02,179 :: setup.py:67 :: INFO :: Client SERVERPORT: 5000
2021-03-13 08:42:02,179 :: setup.py:68 :: INFO :: Client MYPORT: 9930
2021-03-13 08:42:02,179 :: setup.py:69 :: INFO :: Client FILE_VECTOR: 10000101011110111001101111100110100000001000110111
2021-03-13 08:42:02,179 :: setup.py:70 :: INFO :: Dumped client config as yaml data
2021-03-13 08:42:02,185 :: setup.py:23 :: INFO :: Created directories if they didn't exist at configs/clients/60
2021-03-13 08:42:02,459 :: setup.py:66 :: INFO :: Client created with CLIENTID: 60
2021-03-13 08:42:02,459 :: setup.py:67 :: INFO :: Client SERVERPORT: 5000
2021-03-13 08:42:02,459 :: setup.py:68 :: INFO :: Client MYPORT: 29715
2021-03-13 08:42:02,459 :: setup.py:69 :: INFO :: Client FILE_VECTOR: 11101000100100000010111001000110111001100000100101
2021-03-13 08:42:02,459 :: setup.py:70 :: INFO :: Dumped client config as yaml data
2021-03-13 08:42:02,465 :: setup.py:23 :: INFO :: Created directories if they didn't exist at configs/clients/61
2021-03-13 08:42:02,765 :: setup.py:66 :: INFO :: Client created with CLIENTID: 61
2021-03-13 08:42:02,765 :: setup.py:67 :: INFO :: Client SERVERPORT: 5000
2021-03-13 08:42:02,765 :: setup.py:68 :: INFO :: Client MYPORT: 12657
2021-03-13 08:42:02,765 :: setup.py:69 :: INFO :: Client FILE_VECTOR: 00100101001100100111110011101001100001100001101100
2021-03-13 08:42:02,766 :: setup.py:70 :: INFO :: Dumped client config as yaml data
2021-03-13 08:42:02,771 :: setup.py:23 :: INFO :: Created directories if they didn't exist at configs/clients/62
2021-03-13 08:42:03,066 :: setup.py:66 :: INFO :: Client created with CLIENTID: 62
2021-03-13 08:42:03,066 :: setup.py:67 :: INFO :: Client SERVERPORT: 5000
2021-03-13 08:42:03,066 :: setup.py:68 :: INFO :: Client MYPORT: 15602
2021-03-13 08:42:03,066 :: setup.py:69 :: INFO :: Client FILE_VECTOR: 00000000100100000000011110101100110001100101111111
2021-03-13 08:42:03,066 :: setup.py:70 :: INFO :: Dumped client config as yaml data
2021-03-13 08:42:03,072 :: setup.py:23 :: INFO :: Created directories if they didn't exist at configs/clients/63
2021-03-13 08:42:03,444 :: setup.py:66 :: INFO :: Client created with CLIENTID: 63
2021-03-13 08:42:03,444 :: setup.py:67 :: INFO :: Client SERVERPORT: 5000
2021-03-13 08:42:03,444 :: setup.py:68 :: INFO :: Client MYPORT: 7053
2021-03-13 08:42:03,444 :: setup.py:69 :: INFO :: Client FILE_VECTOR: 00110110011011010110101001000000111100101111011111
2021-03-13 08:42:03,444 :: setup.py:70 :: INFO :: Dumped client config as yaml data
2021-03-13 08:42:03,449 :: setup.py:23 :: INFO :: Created directories if they didn't exist at configs/clients/64
2021-03-13 08:42:03,814 :: setup.py:66 :: INFO :: Client created with CLIENTID: 64
2021-03-13 08:42:03,814 :: setup.py:67 :: INFO :: Client SERVERPORT: 5000
2021-03-13 08:42:03,814 :: setup.py:68 :: INFO :: Client MYPORT: 20202
2021-03-13 08:42:03,814 :: setup.py:69 :: INFO :: Client FILE_VECTOR: 01110011111101110001000111010100110011001111100100
2021-03-13 08:42:03,814 :: setup.py:70 :: INFO :: Dumped client config as yaml data
2021-03-13 08:42:03,819 :: setup.py:23 :: INFO :: Created directories if they didn't exist at configs/clients/65
2021-03-13 08:42:04,104 :: setup.py:66 :: INFO :: Client created with CLIENTID: 65
2021-03-13 08:42:04,104 :: setup.py:67 :: INFO :: Client SERVERPORT: 5000
2021-03-13 08:42:04,104 :: setup.py:68 :: INFO :: Client MYPORT: 26864
2021-03-13 08:42:04,104 :: setup.py:69 :: INFO :: Client FILE_VECTOR: 10001110011000100001110001000001100001110001101111
2021-03-13 08:42:04,104 :: setup.py:70 :: INFO :: Dumped client config as yaml data
2021-03-13 08:42:04,109 :: setup.py:23 :: INFO :: Created directories if they didn't exist at configs/clients/66
2021-03-13 08:42:04,383 :: setup.py:66 :: INFO :: Client created with CLIENTID: 66
2021-03-13 08:42:04,383 :: setup.py:67 :: INFO :: Client SERVERPORT: 5000
2021-03-13 08:42:04,383 :: setup.py:68 :: INFO :: Client MYPORT: 27883
2021-03-13 08:42:04,383 :: setup.py:69 :: INFO :: Client FILE_VECTOR: 01110110101001001000000101101000100001010011010101
2021-03-13 08:42:04,383 :: setup.py:70 :: INFO :: Dumped client config as yaml data
2021-03-13 08:42:04,388 :: setup.py:23 :: INFO :: Created directories if they didn't exist at configs/clients/67
2021-03-13 08:42:04,672 :: setup.py:66 :: INFO :: Client created with CLIENTID: 67
2021-03-13 08:42:04,672 :: setup.py:67 :: INFO :: Client SERVERPORT: 5000
2021-03-13 08:42:04,672 :: setup.py:68 :: INFO :: Client MYPORT: 37796
2021-03-13 08:42:04,672 :: setup.py:69 :: INFO :: Client FILE_VECTOR: 00011101000101101000111001010011000001000110011001
2021-03-13 08:42:04,672 :: setup.py:70 :: INFO :: Dumped client config as yaml data
2021-03-13 08:42:04,677 :: setup.py:23 :: INFO :: Created directories if they didn't exist at configs/clients/68
2021-03-13 08:42:04,984 :: setup.py:66 :: INFO :: Client created with CLIENTID: 68
2021-03-13 08:42:04,984 :: setup.py:67 :: INFO :: Client SERVERPORT: 5000
2021-03-13 08:42:04,984 :: setup.py:68 :: INFO :: Client MYPORT: 43408
2021-03-13 08:42:04,984 :: setup.py:69 :: INFO :: Client FILE_VECTOR: 01011000100000111001010110100111001000100111100110
2021-03-13 08:42:04,984 :: setup.py:70 :: INFO :: Dumped client config as yaml data
2021-03-13 08:42:04,989 :: setup.py:23 :: INFO :: Created directories if they didn't exist at configs/clients/69
2021-03-13 08:42:05,259 :: setup.py:66 :: INFO :: Client created with CLIENTID: 69
2021-03-13 08:42:05,259 :: setup.py:67 :: INFO :: Client SERVERPORT: 5000
2021-03-13 08:42:05,259 :: setup.py:68 :: INFO :: Client MYPORT: 45608
2021-03-13 08:42:05,259 :: setup.py:69 :: INFO :: Client FILE_VECTOR: 01000010101100011100000110010000101011001000110111
2021-03-13 08:42:05,259 :: setup.py:70 :: INFO :: Dumped client config as yaml data
2021-03-13 08:42:05,266 :: setup.py:23 :: INFO :: Created directories if they didn't exist at configs/clients/70
2021-03-13 08:42:05,669 :: setup.py:66 :: INFO :: Client created with CLIENTID: 70
2021-03-13 08:42:05,669 :: setup.py:67 :: INFO :: Client SERVERPORT: 5000
2021-03-13 08:42:05,669 :: setup.py:68 :: INFO :: Client MYPORT: 17905
2021-03-13 08:42:05,669 :: setup.py:69 :: INFO :: Client FILE_VECTOR: 10101010001011110011010111111100011110110111011100
2021-03-13 08:42:05,669 :: setup.py:70 :: INFO :: Dumped client config as yaml data
2021-03-13 08:42:05,675 :: setup.py:23 :: INFO :: Created directories if they didn't exist at configs/clients/71
2021-03-13 08:42:05,956 :: setup.py:66 :: INFO :: Client created with CLIENTID: 71
2021-03-13 08:42:05,956 :: setup.py:67 :: INFO :: Client SERVERPORT: 5000
2021-03-13 08:42:05,957 :: setup.py:68 :: INFO :: Client MYPORT: 5720
2021-03-13 08:42:05,957 :: setup.py:69 :: INFO :: Client FILE_VECTOR: 00000110010111110110110011101001100000110000110000
2021-03-13 08:42:05,957 :: setup.py:70 :: INFO :: Dumped client config as yaml data
2021-03-13 08:42:05,962 :: setup.py:23 :: INFO :: Created directories if they didn't exist at configs/clients/72
2021-03-13 08:42:06,286 :: setup.py:66 :: INFO :: Client created with CLIENTID: 72
2021-03-13 08:42:06,286 :: setup.py:67 :: INFO :: Client SERVERPORT: 5000
2021-03-13 08:42:06,286 :: setup.py:68 :: INFO :: Client MYPORT: 1840
2021-03-13 08:42:06,286 :: setup.py:69 :: INFO :: Client FILE_VECTOR: 10010010001111001000010101000010000110011110111111
2021-03-13 08:42:06,286 :: setup.py:70 :: INFO :: Dumped client config as yaml data
2021-03-13 08:42:06,292 :: setup.py:23 :: INFO :: Created directories if they didn't exist at configs/clients/73
2021-03-13 08:42:06,612 :: setup.py:66 :: INFO :: Client created with CLIENTID: 73
2021-03-13 08:42:06,612 :: setup.py:67 :: INFO :: Client SERVERPORT: 5000
2021-03-13 08:42:06,612 :: setup.py:68 :: INFO :: Client MYPORT: 44098
2021-03-13 08:42:06,612 :: setup.py:69 :: INFO :: Client FILE_VECTOR: 01001100010100101101011011101101010010001010001100
2021-03-13 08:42:06,612 :: setup.py:70 :: INFO :: Dumped client config as yaml data
2021-03-13 08:42:06,617 :: setup.py:23 :: INFO :: Created directories if they didn't exist at configs/clients/74
2021-03-13 08:42:06,928 :: setup.py:66 :: INFO :: Client created with CLIENTID: 74
2021-03-13 08:42:06,928 :: setup.py:67 :: INFO :: Client SERVERPORT: 5000
2021-03-13 08:42:06,929 :: setup.py:68 :: INFO :: Client MYPORT: 18472
2021-03-13 08:42:06,929 :: setup.py:69 :: INFO :: Client FILE_VECTOR: 01101101010010011110000000110011000001111010110111
2021-03-13 08:42:06,929 :: setup.py:70 :: INFO :: Dumped client config as yaml data
2021-03-13 08:42:06,934 :: setup.py:23 :: INFO :: Created directories if they didn't exist at configs/clients/75
2021-03-13 08:42:07,299 :: setup.py:66 :: INFO :: Client created with CLIENTID: 75
2021-03-13 08:42:07,299 :: setup.py:67 :: INFO :: Client SERVERPORT: 5000
2021-03-13 08:42:07,299 :: setup.py:68 :: INFO :: Client MYPORT: 31921
2021-03-13 08:42:07,299 :: setup.py:69 :: INFO :: Client FILE_VECTOR: 01011011101011110111011010000000111111010101000101
2021-03-13 08:42:07,299 :: setup.py:70 :: INFO :: Dumped client config as yaml data
2021-03-13 08:42:07,304 :: setup.py:23 :: INFO :: Created directories if they didn't exist at configs/clients/76
2021-03-13 08:42:07,692 :: setup.py:66 :: INFO :: Client created with CLIENTID: 76
2021-03-13 08:42:07,692 :: setup.py:67 :: INFO :: Client SERVERPORT: 5000
2021-03-13 08:42:07,692 :: setup.py:68 :: INFO :: Client MYPORT: 41647
2021-03-13 08:42:07,692 :: setup.py:69 :: INFO :: Client FILE_VECTOR: 10111001100111000111111110000110001001101110101110
2021-03-13 08:42:07,692 :: setup.py:70 :: INFO :: Dumped client config as yaml data
2021-03-13 08:42:07,697 :: setup.py:23 :: INFO :: Created directories if they didn't exist at configs/clients/77
2021-03-13 08:42:08,041 :: setup.py:66 :: INFO :: Client created with CLIENTID: 77
2021-03-13 08:42:08,041 :: setup.py:67 :: INFO :: Client SERVERPORT: 5000
2021-03-13 08:42:08,041 :: setup.py:68 :: INFO :: Client MYPORT: 1268
2021-03-13 08:42:08,041 :: setup.py:69 :: INFO :: Client FILE_VECTOR: 01101110000011000010110101011101101000101101110110
2021-03-13 08:42:08,041 :: setup.py:70 :: INFO :: Dumped client config as yaml data
2021-03-13 08:42:08,047 :: setup.py:23 :: INFO :: Created directories if they didn't exist at configs/clients/78
2021-03-13 08:42:08,313 :: setup.py:66 :: INFO :: Client created with CLIENTID: 78
2021-03-13 08:42:08,313 :: setup.py:67 :: INFO :: Client SERVERPORT: 5000
2021-03-13 08:42:08,313 :: setup.py:68 :: INFO :: Client MYPORT: 32707
2021-03-13 08:42:08,313 :: setup.py:69 :: INFO :: Client FILE_VECTOR: 11000110101101110011010001000000001010010010011010
2021-03-13 08:42:08,313 :: setup.py:70 :: INFO :: Dumped client config as yaml data
2021-03-13 08:42:08,319 :: setup.py:23 :: INFO :: Created directories if they didn't exist at configs/clients/79
2021-03-13 08:42:08,644 :: setup.py:66 :: INFO :: Client created with CLIENTID: 79
2021-03-13 08:42:08,644 :: setup.py:67 :: INFO :: Client SERVERPORT: 5000
2021-03-13 08:42:08,644 :: setup.py:68 :: INFO :: Client MYPORT: 8844
2021-03-13 08:42:08,644 :: setup.py:69 :: INFO :: Client FILE_VECTOR: 11101100110100100110010010011000001111000100011011
2021-03-13 08:42:08,644 :: setup.py:70 :: INFO :: Dumped client config as yaml data
2021-03-13 08:42:08,649 :: setup.py:23 :: INFO :: Created directories if they didn't exist at configs/clients/80
2021-03-13 08:42:08,942 :: setup.py:66 :: INFO :: Client created with CLIENTID: 80
2021-03-13 08:42:08,942 :: setup.py:67 :: INFO :: Client SERVERPORT: 5000
2021-03-13 08:42:08,942 :: setup.py:68 :: INFO :: Client MYPORT: 5257
2021-03-13 08:42:08,942 :: setup.py:69 :: INFO :: Client FILE_VECTOR: 10110100000100011101010011100100101000000011010001
2021-03-13 08:42:08,942 :: setup.py:70 :: INFO :: Dumped client config as yaml data
2021-03-13 08:42:08,951 :: setup.py:23 :: INFO :: Created directories if they didn't exist at configs/clients/81
2021-03-13 08:42:09,305 :: setup.py:66 :: INFO :: Client created with CLIENTID: 81
2021-03-13 08:42:09,305 :: setup.py:67 :: INFO :: Client SERVERPORT: 5000
2021-03-13 08:42:09,305 :: setup.py:68 :: INFO :: Client MYPORT: 48082
2021-03-13 08:42:09,305 :: setup.py:69 :: INFO :: Client FILE_VECTOR: 01100001011000010101101111001001111101111001110000
2021-03-13 08:42:09,305 :: setup.py:70 :: INFO :: Dumped client config as yaml data
2021-03-13 08:42:09,310 :: setup.py:23 :: INFO :: Created directories if they didn't exist at configs/clients/82
2021-03-13 08:42:09,681 :: setup.py:66 :: INFO :: Client created with CLIENTID: 82
2021-03-13 08:42:09,681 :: setup.py:67 :: INFO :: Client SERVERPORT: 5000
2021-03-13 08:42:09,681 :: setup.py:68 :: INFO :: Client MYPORT: 30671
2021-03-13 08:42:09,681 :: setup.py:69 :: INFO :: Client FILE_VECTOR: 10010110101111111001100000111010001001111101111100
2021-03-13 08:42:09,681 :: setup.py:70 :: INFO :: Dumped client config as yaml data
2021-03-13 08:42:09,687 :: setup.py:23 :: INFO :: Created directories if they didn't exist at configs/clients/83
2021-03-13 08:42:10,065 :: setup.py:66 :: INFO :: Client created with CLIENTID: 83
2021-03-13 08:42:10,065 :: setup.py:67 :: INFO :: Client SERVERPORT: 5000
2021-03-13 08:42:10,065 :: setup.py:68 :: INFO :: Client MYPORT: 9406
2021-03-13 08:42:10,065 :: setup.py:69 :: INFO :: Client FILE_VECTOR: 10111101011001101011111001101010111001000100101010
2021-03-13 08:42:10,065 :: setup.py:70 :: INFO :: Dumped client config as yaml data
2021-03-13 08:42:10,071 :: setup.py:23 :: INFO :: Created directories if they didn't exist at configs/clients/84
2021-03-13 08:42:10,429 :: setup.py:66 :: INFO :: Client created with CLIENTID: 84
2021-03-13 08:42:10,429 :: setup.py:67 :: INFO :: Client SERVERPORT: 5000
2021-03-13 08:42:10,429 :: setup.py:68 :: INFO :: Client MYPORT: 28735
2021-03-13 08:42:10,429 :: setup.py:69 :: INFO :: Client FILE_VECTOR: 00010001001110001101110111011101101100101101110011
2021-03-13 08:42:10,429 :: setup.py:70 :: INFO :: Dumped client config as yaml data
2021-03-13 08:42:10,435 :: setup.py:23 :: INFO :: Created directories if they didn't exist at configs/clients/85
2021-03-13 08:42:10,742 :: setup.py:66 :: INFO :: Client created with CLIENTID: 85
2021-03-13 08:42:10,742 :: setup.py:67 :: INFO :: Client SERVERPORT: 5000
2021-03-13 08:42:10,742 :: setup.py:68 :: INFO :: Client MYPORT: 14688
2021-03-13 08:42:10,742 :: setup.py:69 :: INFO :: Client FILE_VECTOR: 10000100111010101100010011101011011100001100101010
2021-03-13 08:42:10,742 :: setup.py:70 :: INFO :: Dumped client config as yaml data
2021-03-13 08:42:10,747 :: setup.py:23 :: INFO :: Created directories if they didn't exist at configs/clients/86
2021-03-13 08:42:11,080 :: setup.py:66 :: INFO :: Client created with CLIENTID: 86
2021-03-13 08:42:11,080 :: setup.py:67 :: INFO :: Client SERVERPORT: 5000
2021-03-13 08:42:11,080 :: setup.py:68 :: INFO :: Client MYPORT: 48193
2021-03-13 08:42:11,080 :: setup.py:69 :: INFO :: Client FILE_VECTOR: 01011001110000001110011010010110101110001001110011
2021-03-13 08:42:11,080 :: setup.py:70 :: INFO :: Dumped client config as yaml data
2021-03-13 08:42:11,085 :: setup.py:23 :: INFO :: Created directories if they didn't exist at configs/clients/87
2021-03-13 08:42:11,353 :: setup.py:66 :: INFO :: Client created with CLIENTID: 87
2021-03-13 08:42:11,354 :: setup.py:67 :: INFO :: Client SERVERPORT: 5000
2021-03-13 08:42:11,354 :: setup.py:68 :: INFO :: Client MYPORT: 38789
2021-03-13 08:42:11,354 :: setup.py:69 :: INFO :: Client FILE_VECTOR: 10000000001100110000111011100110000111101011001000
2021-03-13 08:42:11,354 :: setup.py:70 :: INFO :: Dumped client config as yaml data
2021-03-13 08:42:11,359 :: setup.py:23 :: INFO :: Created directories if they didn't exist at configs/clients/88
2021-03-13 08:42:11,655 :: setup.py:66 :: INFO :: Client created with CLIENTID: 88
2021-03-13 08:42:11,655 :: setup.py:67 :: INFO :: Client SERVERPORT: 5000
2021-03-13 08:42:11,655 :: setup.py:68 :: INFO :: Client MYPORT: 18558
2021-03-13 08:42:11,655 :: setup.py:69 :: INFO :: Client FILE_VECTOR: 01110101000000001011011001110111010001001100010001
2021-03-13 08:42:11,655 :: setup.py:70 :: INFO :: Dumped client config as yaml data
2021-03-13 08:42:11,660 :: setup.py:23 :: INFO :: Created directories if they didn't exist at configs/clients/89
2021-03-13 08:42:12,048 :: setup.py:66 :: INFO :: Client created with CLIENTID: 89
2021-03-13 08:42:12,048 :: setup.py:67 :: INFO :: Client SERVERPORT: 5000
2021-03-13 08:42:12,048 :: setup.py:68 :: INFO :: Client MYPORT: 7314
2021-03-13 08:42:12,048 :: setup.py:69 :: INFO :: Client FILE_VECTOR: 10111101001001001110011010100111110101101101011100
2021-03-13 08:42:12,048 :: setup.py:70 :: INFO :: Dumped client config as yaml data
2021-03-13 08:42:12,054 :: setup.py:23 :: INFO :: Created directories if they didn't exist at configs/clients/90
2021-03-13 08:42:12,396 :: setup.py:66 :: INFO :: Client created with CLIENTID: 90
2021-03-13 08:42:12,396 :: setup.py:67 :: INFO :: Client SERVERPORT: 5000
2021-03-13 08:42:12,396 :: setup.py:68 :: INFO :: Client MYPORT: 41329
2021-03-13 08:42:12,396 :: setup.py:69 :: INFO :: Client FILE_VECTOR: 11010011001011011100011111010111100010110001010100
2021-03-13 08:42:12,396 :: setup.py:70 :: INFO :: Dumped client config as yaml data
2021-03-13 08:42:12,402 :: setup.py:23 :: INFO :: Created directories if they didn't exist at configs/clients/91
2021-03-13 08:42:12,733 :: setup.py:66 :: INFO :: Client created with CLIENTID: 91
2021-03-13 08:42:12,733 :: setup.py:67 :: INFO :: Client SERVERPORT: 5000
2021-03-13 08:42:12,733 :: setup.py:68 :: INFO :: Client MYPORT: 21294
2021-03-13 08:42:12,733 :: setup.py:69 :: INFO :: Client FILE_VECTOR: 01101111010001001101001100101100100111010110011010
2021-03-13 08:42:12,733 :: setup.py:70 :: INFO :: Dumped client config as yaml data
2021-03-13 08:42:12,742 :: setup.py:23 :: INFO :: Created directories if they didn't exist at configs/clients/92
2021-03-13 08:42:13,047 :: setup.py:66 :: INFO :: Client created with CLIENTID: 92
2021-03-13 08:42:13,047 :: setup.py:67 :: INFO :: Client SERVERPORT: 5000
2021-03-13 08:42:13,047 :: setup.py:68 :: INFO :: Client MYPORT: 23045
2021-03-13 08:42:13,047 :: setup.py:69 :: INFO :: Client FILE_VECTOR: 10010110111110001101000101010110111001000110100000
2021-03-13 08:42:13,047 :: setup.py:70 :: INFO :: Dumped client config as yaml data
2021-03-13 08:42:13,052 :: setup.py:23 :: INFO :: Created directories if they didn't exist at configs/clients/93
2021-03-13 08:42:13,342 :: setup.py:66 :: INFO :: Client created with CLIENTID: 93
2021-03-13 08:42:13,342 :: setup.py:67 :: INFO :: Client SERVERPORT: 5000
2021-03-13 08:42:13,342 :: setup.py:68 :: INFO :: Client MYPORT: 46695
2021-03-13 08:42:13,342 :: setup.py:69 :: INFO :: Client FILE_VECTOR: 10010111101101000000101110010100000000000110101101
2021-03-13 08:42:13,342 :: setup.py:70 :: INFO :: Dumped client config as yaml data
2021-03-13 08:42:13,347 :: setup.py:23 :: INFO :: Created directories if they didn't exist at configs/clients/94
2021-03-13 08:42:13,680 :: setup.py:66 :: INFO :: Client created with CLIENTID: 94
2021-03-13 08:42:13,680 :: setup.py:67 :: INFO :: Client SERVERPORT: 5000
2021-03-13 08:42:13,680 :: setup.py:68 :: INFO :: Client MYPORT: 26039
2021-03-13 08:42:13,680 :: setup.py:69 :: INFO :: Client FILE_VECTOR: 10010101111100100010010101011011110001110101000110
2021-03-13 08:42:13,680 :: setup.py:70 :: INFO :: Dumped client config as yaml data
2021-03-13 08:42:13,686 :: setup.py:23 :: INFO :: Created directories if they didn't exist at configs/clients/95
2021-03-13 08:42:14,003 :: setup.py:66 :: INFO :: Client created with CLIENTID: 95
2021-03-13 08:42:14,003 :: setup.py:67 :: INFO :: Client SERVERPORT: 5000
2021-03-13 08:42:14,003 :: setup.py:68 :: INFO :: Client MYPORT: 26415
2021-03-13 08:42:14,003 :: setup.py:69 :: INFO :: Client FILE_VECTOR: 00001101101111010010100000011110000110000111010111
2021-03-13 08:42:14,003 :: setup.py:70 :: INFO :: Dumped client config as yaml data
2021-03-13 08:42:14,009 :: setup.py:23 :: INFO :: Created directories if they didn't exist at configs/clients/96
2021-03-13 08:42:14,290 :: setup.py:66 :: INFO :: Client created with CLIENTID: 96
2021-03-13 08:42:14,290 :: setup.py:67 :: INFO :: Client SERVERPORT: 5000
2021-03-13 08:42:14,290 :: setup.py:68 :: INFO :: Client MYPORT: 11605
2021-03-13 08:42:14,290 :: setup.py:69 :: INFO :: Client FILE_VECTOR: 10100001000100101001011111100010001001101100100110
2021-03-13 08:42:14,290 :: setup.py:70 :: INFO :: Dumped client config as yaml data
2021-03-13 08:42:14,296 :: setup.py:23 :: INFO :: Created directories if they didn't exist at configs/clients/97
2021-03-13 08:42:14,650 :: setup.py:66 :: INFO :: Client created with CLIENTID: 97
2021-03-13 08:42:14,650 :: setup.py:67 :: INFO :: Client SERVERPORT: 5000
2021-03-13 08:42:14,650 :: setup.py:68 :: INFO :: Client MYPORT: 48812
2021-03-13 08:42:14,650 :: setup.py:69 :: INFO :: Client FILE_VECTOR: 00111011111011000001111000001011101010010010101110
2021-03-13 08:42:14,651 :: setup.py:70 :: INFO :: Dumped client config as yaml data
2021-03-13 08:42:14,656 :: setup.py:23 :: INFO :: Created directories if they didn't exist at configs/clients/98
2021-03-13 08:42:14,960 :: setup.py:66 :: INFO :: Client created with CLIENTID: 98
2021-03-13 08:42:14,960 :: setup.py:67 :: INFO :: Client SERVERPORT: 5000
2021-03-13 08:42:14,960 :: setup.py:68 :: INFO :: Client MYPORT: 32333
2021-03-13 08:42:14,960 :: setup.py:69 :: INFO :: Client FILE_VECTOR: 11011111011100000001000101100110110001000110010101
2021-03-13 08:42:14,960 :: setup.py:70 :: INFO :: Dumped client config as yaml data
2021-03-13 08:42:14,965 :: setup.py:23 :: INFO :: Created directories if they didn't exist at configs/clients/99
2021-03-13 08:42:15,368 :: setup.py:66 :: INFO :: Client created with CLIENTID: 99
2021-03-13 08:42:15,368 :: setup.py:67 :: INFO :: Client SERVERPORT: 5000
2021-03-13 08:42:15,369 :: setup.py:68 :: INFO :: Client MYPORT: 48381
2021-03-13 08:42:15,369 :: setup.py:69 :: INFO :: Client FILE_VECTOR: 01110011000011111100110011111000110110001011010010
2021-03-13 08:42:15,369 :: setup.py:70 :: INFO :: Dumped client config as yaml data
2021-03-13 08:42:15,377 :: setup.py:23 :: INFO :: Created directories if they didn't exist at configs/clients/100
2021-03-13 08:42:15,768 :: setup.py:66 :: INFO :: Client created with CLIENTID: 100
2021-03-13 08:42:15,768 :: setup.py:67 :: INFO :: Client SERVERPORT: 5000
2021-03-13 08:42:15,768 :: setup.py:68 :: INFO :: Client MYPORT: 30458
2021-03-13 08:42:15,768 :: setup.py:69 :: INFO :: Client FILE_VECTOR: 00110101111110000101110100110010011101001110000100
2021-03-13 08:42:15,768 :: setup.py:70 :: INFO :: Dumped client config as yaml data
